{"meta": {"format": 3, "version": "7.10.6", "timestamp": "2025-12-24T11:37:52.793666", "branch_coverage": false, "show_contexts": false}, "files": {"custom_components/heating_curve_optimizer/__init__.py": {"executed_lines": [3, 5, 6, 8, 9, 10, 11, 13, 14, 20, 23, 26, 33, 99, 105], "summary": {"covered_lines": 15, "num_statements": 66, "percent_covered": 22.727272727272727, "percent_covered_display": "23", "missing_lines": 51, "excluded_lines": 0}, "missing_lines": [28, 29, 30, 35, 38, 41, 44, 47, 48, 51, 52, 53, 56, 57, 61, 63, 64, 65, 67, 70, 79, 88, 90, 93, 95, 96, 101, 102, 107, 110, 111, 112, 113, 114, 116, 117, 118, 120, 121, 122, 123, 124, 125, 126, 127, 128, 129, 130, 131, 133, 134], "excluded_lines": [], "functions": {"async_setup": {"executed_lines": [], "summary": {"covered_lines": 0, "num_statements": 3, "percent_covered": 0.0, "percent_covered_display": "0", "missing_lines": 3, "excluded_lines": 0}, "missing_lines": [28, 29, 30], "excluded_lines": []}, "async_setup_entry": {"executed_lines": [], "summary": {"covered_lines": 0, "num_statements": 20, "percent_covered": 0.0, "percent_covered_display": "0", "missing_lines": 20, "excluded_lines": 0}, "missing_lines": [35, 38, 41, 44, 47, 48, 51, 52, 53, 56, 57, 61, 67, 70, 79, 88, 90, 93, 95, 96], "excluded_lines": []}, "async_setup_entry._trigger_first_optimization": {"executed_lines": [], "summary": {"covered_lines": 0, "num_statements": 3, "percent_covered": 0.0, "percent_covered_display": "0", "missing_lines": 3, "excluded_lines": 0}, "missing_lines": [63, 64, 65], "excluded_lines": []}, "_update_listener": {"executed_lines": [], "summary": {"covered_lines": 0, "num_statements": 2, "percent_covered": 0.0, "percent_covered_display": "0", "missing_lines": 2, "excluded_lines": 0}, "missing_lines": [101, 102], "excluded_lines": []}, "async_unload_entry": {"executed_lines": [], "summary": {"covered_lines": 0, "num_statements": 23, "percent_covered": 0.0, "percent_covered_display": "0", "missing_lines": 23, "excluded_lines": 0}, "missing_lines": [107, 110, 111, 112, 113, 114, 116, 117, 118, 120, 121, 122, 123, 124, 125, 126, 127, 128, 129, 130, 131, 133, 134], "excluded_lines": []}, "": {"executed_lines": [3, 5, 6, 8, 9, 10, 11, 13, 14, 20, 23, 26, 33, 99, 105], "summary": {"covered_lines": 15, "num_statements": 15, "percent_covered": 100.0, "percent_covered_display": "100", "missing_lines": 0, "excluded_lines": 0}, "missing_lines": [], "excluded_lines": []}}, "classes": {"": {"executed_lines": [3, 5, 6, 8, 9, 10, 11, 13, 14, 20, 23, 26, 33, 99, 105], "summary": {"covered_lines": 15, "num_statements": 66, "percent_covered": 22.727272727272727, "percent_covered_display": "23", "missing_lines": 51, "excluded_lines": 0}, "missing_lines": [28, 29, 30, 35, 38, 41, 44, 47, 48, 51, 52, 53, 56, 57, 61, 63, 64, 65, 67, 70, 79, 88, 90, 93, 95, 96, 101, 102, 107, 110, 111, 112, 113, 114, 116, 117, 118, 120, 121, 122, 123, 124, 125, 126, 127, 128, 129, 130, 131, 133, 134], "excluded_lines": []}}}, "custom_components/heating_curve_optimizer/binary_sensor.py": {"executed_lines": [1, 3, 5, 7, 11, 12, 13, 14, 15, 17, 19, 22, 23, 25, 26, 28, 38, 39, 46, 47, 53, 54, 63, 64, 66, 67, 69, 70, 71, 72, 73, 74, 75, 76, 77, 78, 79, 81, 82, 83, 85, 86, 87, 88, 89, 91, 92, 93, 94, 95, 96, 100, 101, 102, 104, 105, 106, 107, 108, 110, 111, 117, 118, 119, 125], "summary": {"covered_lines": 60, "num_statements": 91, "percent_covered": 65.93406593406593, "percent_covered_display": "66", "missing_lines": 31, "excluded_lines": 2}, "missing_lines": [30, 31, 32, 33, 34, 35, 36, 41, 42, 43, 44, 49, 56, 57, 58, 112, 113, 114, 115, 130, 131, 135, 138, 139, 140, 142, 144, 145, 155, 158, 162], "excluded_lines": [86, 87], "functions": {"CoordinatorHeatDemandBinarySensor.__init__": {"executed_lines": [], "summary": {"covered_lines": 0, "num_statements": 7, "percent_covered": 0.0, "percent_covered_display": "0", "missing_lines": 7, "excluded_lines": 0}, "missing_lines": [30, 31, 32, 33, 34, 35, 36], "excluded_lines": []}, "CoordinatorHeatDemandBinarySensor.is_on": {"executed_lines": [], "summary": {"covered_lines": 0, "num_statements": 4, "percent_covered": 0.0, "percent_covered_display": "0", "missing_lines": 4, "excluded_lines": 0}, "missing_lines": [41, 42, 43, 44], "excluded_lines": []}, "CoordinatorHeatDemandBinarySensor.available": {"executed_lines": [], "summary": {"covered_lines": 0, "num_statements": 1, "percent_covered": 0.0, "percent_covered_display": "0", "missing_lines": 1, "excluded_lines": 0}, "missing_lines": [49], "excluded_lines": []}, "CoordinatorHeatDemandBinarySensor.extra_state_attributes": {"executed_lines": [], "summary": {"covered_lines": 0, "num_statements": 3, "percent_covered": 0.0, "percent_covered_display": "0", "missing_lines": 3, "excluded_lines": 0}, "missing_lines": [56, 57, 58], "excluded_lines": []}, "HeatDemandBinarySensor.__init__": {"executed_lines": [70, 71, 72, 73, 74, 75, 76, 77, 78, 79], "summary": {"covered_lines": 10, "num_statements": 10, "percent_covered": 100.0, "percent_covered_display": "100", "missing_lines": 0, "excluded_lines": 0}, "missing_lines": [], "excluded_lines": []}, "HeatDemandBinarySensor.extra_state_attributes": {"executed_lines": [83], "summary": {"covered_lines": 1, "num_statements": 1, "percent_covered": 100.0, "percent_covered_display": "100", "missing_lines": 0, "excluded_lines": 0}, "missing_lines": [], "excluded_lines": []}, "HeatDemandBinarySensor._get_runtime_entry": {"executed_lines": [86, 87, 88, 89], "summary": {"covered_lines": 2, "num_statements": 2, "percent_covered": 100.0, "percent_covered_display": "100", "missing_lines": 0, "excluded_lines": 2}, "missing_lines": [], "excluded_lines": [86, 87]}, "HeatDemandBinarySensor.async_update": {"executed_lines": [92, 93, 94, 95, 96, 100, 101, 102, 104, 105, 106, 107, 108, 110, 111, 117, 118, 119], "summary": {"covered_lines": 18, "num_statements": 22, "percent_covered": 81.81818181818181, "percent_covered_display": "82", "missing_lines": 4, "excluded_lines": 0}, "missing_lines": [112, 113, 114, 115], "excluded_lines": []}, "async_setup_entry": {"executed_lines": [], "summary": {"covered_lines": 0, "num_statements": 12, "percent_covered": 0.0, "percent_covered_display": "0", "missing_lines": 12, "excluded_lines": 0}, "missing_lines": [130, 131, 135, 138, 139, 140, 142, 144, 145, 155, 158, 162], "excluded_lines": []}, "": {"executed_lines": [1, 3, 5, 7, 11, 12, 13, 14, 15, 17, 19, 22, 23, 25, 26, 28, 38, 39, 46, 47, 53, 54, 63, 64, 66, 67, 69, 81, 82, 85, 91, 125], "summary": {"covered_lines": 29, "num_statements": 29, "percent_covered": 100.0, "percent_covered_display": "100", "missing_lines": 0, "excluded_lines": 0}, "missing_lines": [], "excluded_lines": []}}, "classes": {"CoordinatorHeatDemandBinarySensor": {"executed_lines": [], "summary": {"covered_lines": 0, "num_statements": 15, "percent_covered": 0.0, "percent_covered_display": "0", "missing_lines": 15, "excluded_lines": 0}, "missing_lines": [30, 31, 32, 33, 34, 35, 36, 41, 42, 43, 44, 49, 56, 57, 58], "excluded_lines": []}, "HeatDemandBinarySensor": {"executed_lines": [70, 71, 72, 73, 74, 75, 76, 77, 78, 79, 83, 86, 87, 88, 89, 92, 93, 94, 95, 96, 100, 101, 102, 104, 105, 106, 107, 108, 110, 111, 117, 118, 119], "summary": {"covered_lines": 31, "num_statements": 35, "percent_covered": 88.57142857142857, "percent_covered_display": "89", "missing_lines": 4, "excluded_lines": 2}, "missing_lines": [112, 113, 114, 115], "excluded_lines": [86, 87]}, "": {"executed_lines": [1, 3, 5, 7, 11, 12, 13, 14, 15, 17, 19, 22, 23, 25, 26, 28, 38, 39, 46, 47, 53, 54, 63, 64, 66, 67, 69, 81, 82, 85, 91, 125], "summary": {"covered_lines": 29, "num_statements": 41, "percent_covered": 70.73170731707317, "percent_covered_display": "71", "missing_lines": 12, "excluded_lines": 0}, "missing_lines": [130, 131, 135, 138, 139, 140, 142, 144, 145, 155, 158, 162], "excluded_lines": []}}}, "custom_components/heating_curve_optimizer/calibration_sensor.py": {"executed_lines": [1, 3, 5, 6, 7, 9, 10, 11, 12, 13, 14, 15, 17, 26, 28, 31, 32, 44, 60, 70, 71, 72, 73, 74, 75, 76, 77, 78, 79, 82, 83, 85, 86, 90, 216, 263, 346, 366, 378, 381, 384, 386, 393, 406, 419, 420, 421, 434, 438, 439, 440, 444, 449, 452, 453, 455, 456, 457, 458, 459, 464, 469, 470, 472, 473, 474, 475, 476, 481, 482, 483, 484, 486, 487, 488, 489, 490, 495, 496, 497, 505, 508, 511, 518, 519, 521, 522, 532, 541, 545, 546, 547, 548, 551, 552, 555, 556, 557, 560, 561, 563, 568, 569, 570, 571, 572, 573, 574, 576, 584, 596, 606, 609, 611, 614, 617, 619, 623, 625, 627, 628, 632, 638, 647, 649, 650, 652, 653, 659, 660, 662, 663, 669, 679, 680, 681, 684, 685, 693, 694, 695, 696, 698, 701, 703, 706], "summary": {"covered_lines": 144, "num_statements": 286, "percent_covered": 50.34965034965035, "percent_covered_display": "50", "missing_lines": 142, "excluded_lines": 0}, "missing_lines": [88, 92, 95, 99, 101, 103, 105, 106, 109, 112, 115, 120, 125, 126, 127, 128, 129, 134, 138, 139, 140, 142, 145, 146, 147, 150, 152, 154, 156, 161, 210, 212, 213, 214, 223, 224, 226, 228, 229, 233, 235, 238, 239, 243, 245, 249, 250, 252, 254, 255, 257, 259, 260, 261, 270, 271, 273, 275, 276, 277, 279, 282, 283, 284, 285, 289, 290, 291, 292, 294, 295, 296, 297, 301, 302, 303, 304, 307, 308, 309, 311, 312, 315, 319, 327, 334, 335, 336, 337, 338, 340, 342, 343, 344, 364, 379, 382, 387, 390, 435, 436, 445, 446, 454, 465, 466, 471, 477, 478, 485, 491, 492, 503, 533, 536, 565, 592, 593, 594, 607, 620, 626, 630, 634, 635, 636, 651, 654, 655, 657, 661, 664, 665, 667, 670, 671, 672, 674, 690, 697, 699, 704], "excluded_lines": [], "functions": {"CalibrationSensor.__init__": {"executed_lines": [60, 70, 71, 72, 73, 74, 75, 76, 77, 78, 79, 82, 83], "summary": {"covered_lines": 13, "num_statements": 13, "percent_covered": 100.0, "percent_covered_display": "100", "missing_lines": 0, "excluded_lines": 0}, "missing_lines": [], "excluded_lines": []}, "CalibrationSensor.extra_state_attributes": {"executed_lines": [], "summary": {"covered_lines": 0, "num_statements": 1, "percent_covered": 0.0, "percent_covered_display": "0", "missing_lines": 1, "excluded_lines": 0}, "missing_lines": [88], "excluded_lines": []}, "CalibrationSensor.async_update": {"executed_lines": [], "summary": {"covered_lines": 0, "num_statements": 33, "percent_covered": 0.0, "percent_covered_display": "0", "missing_lines": 33, "excluded_lines": 0}, "missing_lines": [92, 95, 99, 101, 103, 105, 106, 109, 112, 115, 120, 125, 126, 127, 128, 129, 134, 138, 139, 140, 142, 145, 146, 147, 150, 152, 154, 156, 161, 210, 212, 213, 214], "excluded_lines": []}, "CalibrationSensor._validate_heat_loss": {"executed_lines": [], "summary": {"covered_lines": 0, "num_statements": 20, "percent_covered": 0.0, "percent_covered_display": "0", "missing_lines": 20, "excluded_lines": 0}, "missing_lines": [223, 224, 226, 228, 229, 233, 235, 238, 239, 243, 245, 249, 250, 252, 254, 255, 257, 259, 260, 261], "excluded_lines": []}, "CalibrationSensor._validate_cop": {"executed_lines": [], "summary": {"covered_lines": 0, "num_statements": 40, "percent_covered": 0.0, "percent_covered_display": "0", "missing_lines": 40, "excluded_lines": 0}, "missing_lines": [270, 271, 273, 275, 276, 277, 279, 282, 283, 284, 285, 289, 290, 291, 292, 294, 295, 296, 297, 301, 302, 303, 304, 307, 308, 309, 311, 312, 315, 319, 327, 334, 335, 336, 337, 338, 340, 342, 343, 344], "excluded_lines": []}, "CalibrationSensor._validate_storage_efficiency": {"executed_lines": [], "summary": {"covered_lines": 0, "num_statements": 1, "percent_covered": 0.0, "percent_covered_display": "0", "missing_lines": 1, "excluded_lines": 0}, "missing_lines": [364], "excluded_lines": []}, "CalibrationSensor._analyze_graaddagen_correlation": {"executed_lines": [378, 381, 384, 386, 393, 406, 419, 420, 421, 434, 438, 439, 440, 444, 449, 452, 453, 455, 456, 457, 458, 459, 464, 469, 470, 472, 473, 474, 475, 476, 481, 482, 483, 484, 486, 487, 488, 489, 490, 495, 496, 497, 505, 508, 511, 518, 519, 521, 522, 532, 541, 545, 546, 547, 548, 551, 552, 555, 556, 557, 560, 561, 563, 568, 569, 570, 571, 572, 573, 574, 576, 584], "summary": {"covered_lines": 72, "num_statements": 96, "percent_covered": 75.0, "percent_covered_display": "75", "missing_lines": 24, "excluded_lines": 0}, "missing_lines": [379, 382, 387, 390, 435, 436, 445, 446, 454, 465, 466, 471, 477, 478, 485, 491, 492, 503, 533, 536, 565, 592, 593, 594], "excluded_lines": []}, "CalibrationSensor._analyze_long_term_trend": {"executed_lines": [606, 609, 611, 614, 617, 619, 623, 625, 627, 628, 632], "summary": {"covered_lines": 11, "num_statements": 18, "percent_covered": 61.111111111111114, "percent_covered_display": "61", "missing_lines": 7, "excluded_lines": 0}, "missing_lines": [607, 620, 626, 630, 634, 635, 636], "excluded_lines": []}, "CalibrationSensor._get_status_message": {"executed_lines": [647, 649, 650, 652, 653, 659, 660, 662, 663, 669, 679, 680, 681, 684, 685, 693, 694, 695, 696, 698, 701, 703, 706], "summary": {"covered_lines": 23, "num_statements": 39, "percent_covered": 58.97435897435897, "percent_covered_display": "59", "missing_lines": 16, "excluded_lines": 0}, "missing_lines": [651, 654, 655, 657, 661, 664, 665, 667, 670, 671, 672, 674, 690, 697, 699, 704], "excluded_lines": []}, "": {"executed_lines": [1, 3, 5, 6, 7, 9, 10, 11, 12, 13, 14, 15, 17, 26, 28, 31, 32, 44, 85, 86, 90, 216, 263, 346, 366, 596, 638], "summary": {"covered_lines": 25, "num_statements": 25, "percent_covered": 100.0, "percent_covered_display": "100", "missing_lines": 0, "excluded_lines": 0}, "missing_lines": [], "excluded_lines": []}}, "classes": {"CalibrationSensor": {"executed_lines": [60, 70, 71, 72, 73, 74, 75, 76, 77, 78, 79, 82, 83, 378, 381, 384, 386, 393, 406, 419, 420, 421, 434, 438, 439, 440, 444, 449, 452, 453, 455, 456, 457, 458, 459, 464, 469, 470, 472, 473, 474, 475, 476, 481, 482, 483, 484, 486, 487, 488, 489, 490, 495, 496, 497, 505, 508, 511, 518, 519, 521, 522, 532, 541, 545, 546, 547, 548, 551, 552, 555, 556, 557, 560, 561, 563, 568, 569, 570, 571, 572, 573, 574, 576, 584, 606, 609, 611, 614, 617, 619, 623, 625, 627, 628, 632, 647, 649, 650, 652, 653, 659, 660, 662, 663, 669, 679, 680, 681, 684, 685, 693, 694, 695, 696, 698, 701, 703, 706], "summary": {"covered_lines": 119, "num_statements": 261, "percent_covered": 45.593869731800766, "percent_covered_display": "46", "missing_lines": 142, "excluded_lines": 0}, "missing_lines": [88, 92, 95, 99, 101, 103, 105, 106, 109, 112, 115, 120, 125, 126, 127, 128, 129, 134, 138, 139, 140, 142, 145, 146, 147, 150, 152, 154, 156, 161, 210, 212, 213, 214, 223, 224, 226, 228, 229, 233, 235, 238, 239, 243, 245, 249, 250, 252, 254, 255, 257, 259, 260, 261, 270, 271, 273, 275, 276, 277, 279, 282, 283, 284, 285, 289, 290, 291, 292, 294, 295, 296, 297, 301, 302, 303, 304, 307, 308, 309, 311, 312, 315, 319, 327, 334, 335, 336, 337, 338, 340, 342, 343, 344, 364, 379, 382, 387, 390, 435, 436, 445, 446, 454, 465, 466, 471, 477, 478, 485, 491, 492, 503, 533, 536, 565, 592, 593, 594, 607, 620, 626, 630, 634, 635, 636, 651, 654, 655, 657, 661, 664, 665, 667, 670, 671, 672, 674, 690, 697, 699, 704], "excluded_lines": []}, "": {"executed_lines": [1, 3, 5, 6, 7, 9, 10, 11, 12, 13, 14, 15, 17, 26, 28, 31, 32, 44, 85, 86, 90, 216, 263, 346, 366, 596, 638], "summary": {"covered_lines": 25, "num_statements": 25, "percent_covered": 100.0, "percent_covered_display": "100", "missing_lines": 0, "excluded_lines": 0}, "missing_lines": [], "excluded_lines": []}}}, "custom_components/heating_curve_optimizer/config_flow.py": {"executed_lines": [1, 3, 4, 6, 8, 9, 14, 15, 16, 18, 70, 71, 72, 73, 76, 77, 79, 81, 82, 84, 85, 86, 87, 88, 89, 90, 91, 92, 93, 94, 95, 96, 97, 98, 99, 100, 101, 102, 103, 104, 105, 106, 107, 108, 109, 110, 111, 112, 113, 114, 115, 116, 118, 121, 122, 123, 124, 125, 126, 127, 128, 130, 131, 193, 195, 196, 197, 198, 201, 202, 204, 218, 228, 229, 237, 238, 247, 248, 271, 272, 274, 329, 331, 436, 520, 573, 574, 580, 586, 593, 601, 626, 631, 632, 633, 639, 640, 642, 716, 726, 735, 738, 810, 833, 942, 1049, 1106], "summary": {"covered_lines": 25, "num_statements": 160, "percent_covered": 15.625, "percent_covered_display": "16", "missing_lines": 135, "excluded_lines": 561}, "missing_lines": [10, 12, 13, 643, 649, 650, 652, 653, 654, 655, 656, 657, 658, 659, 660, 661, 662, 663, 664, 665, 666, 667, 668, 669, 672, 675, 676, 677, 678, 679, 682, 683, 684, 690, 691, 692, 693, 694, 695, 696, 697, 701, 704, 708, 711, 712, 713, 714, 717, 727, 736, 739, 740, 741, 742, 743, 744, 745, 746, 747, 748, 749, 754, 755, 760, 765, 770, 805, 806, 808, 811, 812, 813, 816, 817, 819, 834, 835, 836, 837, 838, 839, 840, 841, 844, 847, 848, 849, 850, 851, 854, 855, 857, 858, 862, 940, 943, 944, 947, 948, 949, 954, 959, 962, 963, 966, 969, 972, 975, 978, 980, 984, 1045, 1050, 1051, 1053, 1061, 1065, 1067, 1070, 1071, 1073, 1079, 1087, 1089, 1107, 1108, 1109, 1110, 1111, 1113, 1119, 1126, 1134, 1159], "excluded_lines": [76, 77, 78, 79, 80, 81, 82, 83, 84, 85, 86, 87, 88, 89, 90, 91, 92, 93, 94, 95, 96, 97, 98, 99, 100, 101, 102, 103, 104, 105, 106, 107, 108, 109, 110, 111, 112, 113, 114, 115, 116, 117, 118, 119, 120, 121, 122, 123, 124, 125, 126, 127, 128, 129, 130, 131, 132, 133, 134, 135, 136, 137, 138, 139, 140, 141, 142, 143, 144, 145, 146, 147, 148, 149, 150, 151, 152, 153, 154, 155, 156, 157, 158, 159, 160, 161, 162, 163, 164, 165, 166, 167, 168, 169, 170, 171, 172, 173, 174, 175, 176, 177, 178, 179, 180, 181, 182, 183, 184, 185, 186, 187, 188, 189, 190, 191, 192, 193, 194, 195, 196, 197, 198, 199, 200, 201, 202, 203, 204, 205, 206, 207, 208, 209, 210, 211, 212, 213, 214, 215, 216, 217, 218, 219, 220, 221, 222, 223, 224, 225, 226, 227, 228, 229, 230, 231, 232, 233, 234, 235, 236, 237, 238, 239, 240, 241, 242, 243, 244, 245, 246, 247, 248, 249, 250, 251, 252, 253, 254, 255, 256, 257, 258, 259, 260, 261, 262, 263, 264, 265, 266, 267, 268, 269, 270, 271, 272, 273, 274, 275, 276, 277, 278, 279, 280, 281, 282, 283, 284, 285, 286, 287, 288, 289, 290, 291, 292, 293, 294, 295, 296, 297, 298, 299, 300, 301, 302, 303, 304, 305, 306, 307, 308, 309, 310, 311, 312, 313, 314, 315, 316, 317, 318, 319, 320, 321, 322, 323, 324, 325, 326, 327, 328, 329, 330, 331, 332, 333, 334, 335, 336, 337, 338, 339, 340, 341, 342, 343, 344, 345, 346, 347, 348, 349, 350, 351, 352, 353, 354, 355, 356, 357, 358, 359, 360, 361, 362, 363, 364, 365, 366, 367, 368, 369, 370, 371, 372, 373, 374, 375, 376, 377, 378, 379, 380, 381, 382, 383, 384, 385, 386, 387, 388, 389, 390, 391, 392, 393, 394, 395, 396, 397, 398, 399, 400, 401, 402, 403, 404, 405, 406, 407, 408, 409, 410, 411, 412, 413, 414, 415, 416, 417, 418, 419, 420, 421, 422, 423, 424, 425, 426, 427, 428, 429, 430, 431, 432, 433, 434, 435, 436, 437, 438, 439, 440, 441, 442, 443, 444, 445, 446, 447, 448, 449, 450, 451, 452, 453, 454, 455, 456, 457, 458, 459, 460, 461, 462, 463, 464, 465, 466, 467, 468, 469, 470, 471, 472, 473, 474, 475, 476, 477, 478, 479, 480, 481, 482, 483, 484, 485, 486, 487, 488, 489, 490, 491, 492, 493, 494, 495, 496, 497, 498, 499, 500, 501, 502, 503, 504, 505, 506, 507, 508, 509, 510, 511, 512, 513, 514, 515, 516, 517, 518, 519, 520, 521, 522, 523, 524, 525, 526, 527, 528, 529, 530, 531, 532, 533, 534, 535, 536, 537, 538, 539, 540, 541, 542, 543, 544, 545, 546, 547, 548, 549, 550, 551, 552, 553, 554, 555, 556, 557, 558, 559, 560, 561, 562, 563, 564, 565, 566, 567, 568, 569, 570, 571, 572, 573, 574, 575, 576, 577, 578, 579, 580, 581, 582, 583, 584, 585, 586, 587, 588, 589, 590, 591, 592, 593, 594, 595, 596, 597, 598, 599, 600, 601, 602, 603, 604, 605, 606, 607, 608, 609, 610, 611, 612, 613, 614, 615, 616, 617, 618, 619, 620, 621, 622, 623, 624, 625, 626, 627, 628, 629, 630, 631, 632, 633, 634, 635, 636], "functions": {"HeatingCurveOptimizerConfigFlow.__init__": {"executed_lines": [82, 84, 85, 86, 87, 88, 89, 90, 91, 92, 93, 94, 95, 96, 97, 98, 99, 100, 101, 102, 103, 104, 105, 106, 107, 108, 109, 110, 111, 112, 113, 114, 115, 116], "summary": {"covered_lines": 0, "num_statements": 0, "percent_covered": 100.0, "percent_covered_display": "100", "missing_lines": 0, "excluded_lines": 35}, "missing_lines": [], "excluded_lines": [82, 83, 84, 85, 86, 87, 88, 89, 90, 91, 92, 93, 94, 95, 96, 97, 98, 99, 100, 101, 102, 103, 104, 105, 106, 107, 108, 109, 110, 111, 112, 113, 114, 115, 116]}, "HeatingCurveOptimizerConfigFlow.async_step_user": {"executed_lines": [121, 122, 123, 124, 125, 126, 127, 128, 130, 131, 193], "summary": {"covered_lines": 0, "num_statements": 0, "percent_covered": 100.0, "percent_covered_display": "100", "missing_lines": 0, "excluded_lines": 73}, "missing_lines": [], "excluded_lines": [121, 122, 123, 124, 125, 126, 127, 128, 129, 130, 131, 132, 133, 134, 135, 136, 137, 138, 139, 140, 141, 142, 143, 144, 145, 146, 147, 148, 149, 150, 151, 152, 153, 154, 155, 156, 157, 158, 159, 160, 161, 162, 163, 164, 165, 166, 167, 168, 169, 170, 171, 172, 173, 174, 175, 176, 177, 178, 179, 180, 181, 182, 183, 184, 185, 186, 187, 188, 189, 190, 191, 192, 193]}, "HeatingCurveOptimizerConfigFlow._schema_user": {"executed_lines": [196, 197, 198, 201, 202, 204], "summary": {"covered_lines": 0, "num_statements": 0, "percent_covered": 100.0, "percent_covered_display": "100", "missing_lines": 0, "excluded_lines": 21}, "missing_lines": [], "excluded_lines": [196, 197, 198, 199, 200, 201, 202, 203, 204, 205, 206, 207, 208, 209, 210, 211, 212, 213, 214, 215, 216]}, "HeatingCurveOptimizerConfigFlow._get_energy_sensors": {"executed_lines": [], "summary": {"covered_lines": 0, "num_statements": 0, "percent_covered": 100.0, "percent_covered_display": "100", "missing_lines": 0, "excluded_lines": 8}, "missing_lines": [], "excluded_lines": [219, 220, 221, 222, 223, 224, 225, 226]}, "HeatingCurveOptimizerConfigFlow._get_power_sensors": {"executed_lines": [229], "summary": {"covered_lines": 0, "num_statements": 0, "percent_covered": 100.0, "percent_covered_display": "100", "missing_lines": 0, "excluded_lines": 7}, "missing_lines": [], "excluded_lines": [229, 230, 231, 232, 233, 234, 235]}, "HeatingCurveOptimizerConfigFlow._get_temperature_sensors": {"executed_lines": [238], "summary": {"covered_lines": 0, "num_statements": 0, "percent_covered": 100.0, "percent_covered_display": "100", "missing_lines": 0, "excluded_lines": 8}, "missing_lines": [], "excluded_lines": [238, 239, 240, 241, 242, 243, 244, 245]}, "HeatingCurveOptimizerConfigFlow.async_step_basic_options": {"executed_lines": [248, 271, 272, 274, 329], "summary": {"covered_lines": 0, "num_statements": 0, "percent_covered": 100.0, "percent_covered_display": "100", "missing_lines": 0, "excluded_lines": 82}, "missing_lines": [], "excluded_lines": [248, 249, 250, 251, 252, 253, 254, 255, 256, 257, 258, 259, 260, 261, 262, 263, 264, 265, 266, 267, 268, 269, 270, 271, 272, 273, 274, 275, 276, 277, 278, 279, 280, 281, 282, 283, 284, 285, 286, 287, 288, 289, 290, 291, 292, 293, 294, 295, 296, 297, 298, 299, 300, 301, 302, 303, 304, 305, 306, 307, 308, 309, 310, 311, 312, 313, 314, 315, 316, 317, 318, 319, 320, 321, 322, 323, 324, 325, 326, 327, 328, 329]}, "HeatingCurveOptimizerConfigFlow.async_step_heating_curve_settings": {"executed_lines": [], "summary": {"covered_lines": 0, "num_statements": 0, "percent_covered": 100.0, "percent_covered_display": "100", "missing_lines": 0, "excluded_lines": 103}, "missing_lines": [], "excluded_lines": [332, 333, 334, 335, 336, 337, 338, 339, 340, 341, 342, 343, 344, 345, 346, 347, 348, 349, 350, 351, 352, 353, 354, 355, 356, 357, 358, 359, 360, 361, 362, 363, 364, 365, 366, 367, 368, 369, 370, 371, 372, 373, 374, 375, 376, 377, 378, 379, 380, 381, 382, 383, 384, 385, 386, 387, 388, 389, 390, 391, 392, 393, 394, 395, 396, 397, 398, 399, 400, 401, 402, 403, 404, 405, 406, 407, 408, 409, 410, 411, 412, 413, 414, 415, 416, 417, 418, 419, 420, 421, 422, 423, 424, 425, 426, 427, 428, 429, 430, 431, 432, 433, 434]}, "HeatingCurveOptimizerConfigFlow.async_step_basic": {"executed_lines": [], "summary": {"covered_lines": 0, "num_statements": 0, "percent_covered": 100.0, "percent_covered_display": "100", "missing_lines": 0, "excluded_lines": 82}, "missing_lines": [], "excluded_lines": [437, 438, 439, 440, 441, 442, 443, 444, 445, 446, 447, 448, 449, 450, 451, 452, 453, 454, 455, 456, 457, 458, 459, 460, 461, 462, 463, 464, 465, 466, 467, 468, 469, 470, 471, 472, 473, 474, 475, 476, 477, 478, 479, 480, 481, 482, 483, 484, 485, 486, 487, 488, 489, 490, 491, 492, 493, 494, 495, 496, 497, 498, 499, 500, 501, 502, 503, 504, 505, 506, 507, 508, 509, 510, 511, 512, 513, 514, 515, 516, 517, 518]}, "HeatingCurveOptimizerConfigFlow.async_step_select_sources": {"executed_lines": [], "summary": {"covered_lines": 0, "num_statements": 0, "percent_covered": 100.0, "percent_covered_display": "100", "missing_lines": 0, "excluded_lines": 51}, "missing_lines": [], "excluded_lines": [521, 522, 523, 524, 525, 526, 527, 528, 529, 530, 531, 532, 533, 534, 535, 536, 537, 538, 539, 540, 541, 542, 543, 544, 545, 546, 547, 548, 549, 550, 551, 552, 553, 554, 555, 556, 557, 558, 559, 560, 561, 562, 563, 564, 565, 566, 567, 568, 569, 570, 571]}, "HeatingCurveOptimizerConfigFlow.async_step_price_settings": {"executed_lines": [574, 580, 586, 593, 601, 626], "summary": {"covered_lines": 0, "num_statements": 0, "percent_covered": 100.0, "percent_covered_display": "100", "missing_lines": 0, "excluded_lines": 56}, "missing_lines": [], "excluded_lines": [574, 575, 576, 577, 578, 579, 580, 581, 582, 583, 584, 585, 586, 587, 588, 589, 590, 591, 592, 593, 594, 595, 596, 597, 598, 599, 600, 601, 602, 603, 604, 605, 606, 607, 608, 609, 610, 611, 612, 613, 614, 615, 616, 617, 618, 619, 620, 621, 622, 623, 624, 625, 626, 627, 628, 629]}, "HeatingCurveOptimizerConfigFlow.async_get_options_flow": {"executed_lines": [], "summary": {"covered_lines": 0, "num_statements": 0, "percent_covered": 100.0, "percent_covered_display": "100", "missing_lines": 0, "excluded_lines": 1}, "missing_lines": [], "excluded_lines": [636]}, "HeatingCurveOptimizerOptionsFlowHandler.__init__": {"executed_lines": [], "summary": {"covered_lines": 0, "num_statements": 44, "percent_covered": 0.0, "percent_covered_display": "0", "missing_lines": 44, "excluded_lines": 0}, "missing_lines": [643, 649, 652, 653, 654, 655, 656, 657, 658, 659, 660, 661, 662, 663, 664, 665, 666, 667, 668, 669, 672, 675, 676, 677, 678, 679, 682, 683, 684, 690, 691, 692, 693, 694, 695, 696, 697, 701, 704, 708, 711, 712, 713, 714], "excluded_lines": []}, "HeatingCurveOptimizerOptionsFlowHandler.__init__._get": {"executed_lines": [], "summary": {"covered_lines": 0, "num_statements": 1, "percent_covered": 0.0, "percent_covered_display": "0", "missing_lines": 1, "excluded_lines": 0}, "missing_lines": [650], "excluded_lines": []}, "HeatingCurveOptimizerOptionsFlowHandler._get_energy_sensors": {"executed_lines": [], "summary": {"covered_lines": 0, "num_statements": 1, "percent_covered": 0.0, "percent_covered_display": "0", "missing_lines": 1, "excluded_lines": 0}, "missing_lines": [717], "excluded_lines": []}, "HeatingCurveOptimizerOptionsFlowHandler._get_power_sensors": {"executed_lines": [], "summary": {"covered_lines": 0, "num_statements": 1, "percent_covered": 0.0, "percent_covered_display": "0", "missing_lines": 1, "excluded_lines": 0}, "missing_lines": [727], "excluded_lines": []}, "HeatingCurveOptimizerOptionsFlowHandler.async_step_init": {"executed_lines": [], "summary": {"covered_lines": 0, "num_statements": 1, "percent_covered": 0.0, "percent_covered_display": "0", "missing_lines": 1, "excluded_lines": 0}, "missing_lines": [736], "excluded_lines": []}, "HeatingCurveOptimizerOptionsFlowHandler.async_step_user": {"executed_lines": [], "summary": {"covered_lines": 0, "num_statements": 19, "percent_covered": 0.0, "percent_covered_display": "0", "missing_lines": 19, "excluded_lines": 0}, "missing_lines": [739, 740, 741, 742, 743, 744, 745, 746, 747, 748, 749, 754, 755, 760, 765, 770, 805, 806, 808], "excluded_lines": []}, "HeatingCurveOptimizerOptionsFlowHandler._schema_user": {"executed_lines": [], "summary": {"covered_lines": 0, "num_statements": 6, "percent_covered": 0.0, "percent_covered_display": "0", "missing_lines": 6, "excluded_lines": 0}, "missing_lines": [811, 812, 813, 816, 817, 819], "excluded_lines": []}, "HeatingCurveOptimizerOptionsFlowHandler.async_step_basic": {"executed_lines": [], "summary": {"covered_lines": 0, "num_statements": 20, "percent_covered": 0.0, "percent_covered_display": "0", "missing_lines": 20, "excluded_lines": 0}, "missing_lines": [834, 835, 836, 837, 838, 839, 840, 841, 844, 847, 848, 849, 850, 851, 854, 855, 857, 858, 862, 940], "excluded_lines": []}, "HeatingCurveOptimizerOptionsFlowHandler.async_step_heating_curve_settings": {"executed_lines": [], "summary": {"covered_lines": 0, "num_statements": 17, "percent_covered": 0.0, "percent_covered_display": "0", "missing_lines": 17, "excluded_lines": 0}, "missing_lines": [943, 944, 947, 948, 949, 954, 959, 962, 963, 966, 969, 972, 975, 978, 980, 984, 1045], "excluded_lines": []}, "HeatingCurveOptimizerOptionsFlowHandler.async_step_select_sources": {"executed_lines": [], "summary": {"covered_lines": 0, "num_statements": 12, "percent_covered": 0.0, "percent_covered_display": "0", "missing_lines": 12, "excluded_lines": 0}, "missing_lines": [1050, 1051, 1053, 1061, 1065, 1067, 1070, 1071, 1073, 1079, 1087, 1089], "excluded_lines": []}, "HeatingCurveOptimizerOptionsFlowHandler.async_step_price_settings": {"executed_lines": [], "summary": {"covered_lines": 0, "num_statements": 10, "percent_covered": 0.0, "percent_covered_display": "0", "missing_lines": 10, "excluded_lines": 0}, "missing_lines": [1107, 1108, 1109, 1110, 1111, 1113, 1119, 1126, 1134, 1159], "excluded_lines": []}, "": {"executed_lines": [1, 3, 4, 6, 8, 9, 14, 15, 16, 18, 70, 71, 72, 73, 76, 77, 79, 81, 118, 195, 218, 228, 237, 247, 331, 436, 520, 573, 631, 632, 633, 639, 640, 642, 716, 726, 735, 738, 810, 833, 942, 1049, 1106], "summary": {"covered_lines": 25, "num_statements": 28, "percent_covered": 89.28571428571429, "percent_covered_display": "89", "missing_lines": 3, "excluded_lines": 34}, "missing_lines": [10, 12, 13], "excluded_lines": [76, 77, 78, 79, 80, 81, 117, 118, 119, 120, 194, 195, 217, 218, 227, 228, 236, 237, 246, 247, 330, 331, 435, 436, 519, 520, 572, 573, 630, 631, 632, 633, 634, 635]}}, "classes": {"HeatingCurveOptimizerConfigFlow": {"executed_lines": [82, 84, 85, 86, 87, 88, 89, 90, 91, 92, 93, 94, 95, 96, 97, 98, 99, 100, 101, 102, 103, 104, 105, 106, 107, 108, 109, 110, 111, 112, 113, 114, 115, 116, 121, 122, 123, 124, 125, 126, 127, 128, 130, 131, 193, 196, 197, 198, 201, 202, 204, 229, 238, 248, 271, 272, 274, 329, 574, 580, 586, 593, 601, 626], "summary": {"covered_lines": 0, "num_statements": 0, "percent_covered": 100.0, "percent_covered_display": "100", "missing_lines": 0, "excluded_lines": 527}, "missing_lines": [], "excluded_lines": [82, 83, 84, 85, 86, 87, 88, 89, 90, 91, 92, 93, 94, 95, 96, 97, 98, 99, 100, 101, 102, 103, 104, 105, 106, 107, 108, 109, 110, 111, 112, 113, 114, 115, 116, 121, 122, 123, 124, 125, 126, 127, 128, 129, 130, 131, 132, 133, 134, 135, 136, 137, 138, 139, 140, 141, 142, 143, 144, 145, 146, 147, 148, 149, 150, 151, 152, 153, 154, 155, 156, 157, 158, 159, 160, 161, 162, 163, 164, 165, 166, 167, 168, 169, 170, 171, 172, 173, 174, 175, 176, 177, 178, 179, 180, 181, 182, 183, 184, 185, 186, 187, 188, 189, 190, 191, 192, 193, 196, 197, 198, 199, 200, 201, 202, 203, 204, 205, 206, 207, 208, 209, 210, 211, 212, 213, 214, 215, 216, 219, 220, 221, 222, 223, 224, 225, 226, 229, 230, 231, 232, 233, 234, 235, 238, 239, 240, 241, 242, 243, 244, 245, 248, 249, 250, 251, 252, 253, 254, 255, 256, 257, 258, 259, 260, 261, 262, 263, 264, 265, 266, 267, 268, 269, 270, 271, 272, 273, 274, 275, 276, 277, 278, 279, 280, 281, 282, 283, 284, 285, 286, 287, 288, 289, 290, 291, 292, 293, 294, 295, 296, 297, 298, 299, 300, 301, 302, 303, 304, 305, 306, 307, 308, 309, 310, 311, 312, 313, 314, 315, 316, 317, 318, 319, 320, 321, 322, 323, 324, 325, 326, 327, 328, 329, 332, 333, 334, 335, 336, 337, 338, 339, 340, 341, 342, 343, 344, 345, 346, 347, 348, 349, 350, 351, 352, 353, 354, 355, 356, 357, 358, 359, 360, 361, 362, 363, 364, 365, 366, 367, 368, 369, 370, 371, 372, 373, 374, 375, 376, 377, 378, 379, 380, 381, 382, 383, 384, 385, 386, 387, 388, 389, 390, 391, 392, 393, 394, 395, 396, 397, 398, 399, 400, 401, 402, 403, 404, 405, 406, 407, 408, 409, 410, 411, 412, 413, 414, 415, 416, 417, 418, 419, 420, 421, 422, 423, 424, 425, 426, 427, 428, 429, 430, 431, 432, 433, 434, 437, 438, 439, 440, 441, 442, 443, 444, 445, 446, 447, 448, 449, 450, 451, 452, 453, 454, 455, 456, 457, 458, 459, 460, 461, 462, 463, 464, 465, 466, 467, 468, 469, 470, 471, 472, 473, 474, 475, 476, 477, 478, 479, 480, 481, 482, 483, 484, 485, 486, 487, 488, 489, 490, 491, 492, 493, 494, 495, 496, 497, 498, 499, 500, 501, 502, 503, 504, 505, 506, 507, 508, 509, 510, 511, 512, 513, 514, 515, 516, 517, 518, 521, 522, 523, 524, 525, 526, 527, 528, 529, 530, 531, 532, 533, 534, 535, 536, 537, 538, 539, 540, 541, 542, 543, 544, 545, 546, 547, 548, 549, 550, 551, 552, 553, 554, 555, 556, 557, 558, 559, 560, 561, 562, 563, 564, 565, 566, 567, 568, 569, 570, 571, 574, 575, 576, 577, 578, 579, 580, 581, 582, 583, 584, 585, 586, 587, 588, 589, 590, 591, 592, 593, 594, 595, 596, 597, 598, 599, 600, 601, 602, 603, 604, 605, 606, 607, 608, 609, 610, 611, 612, 613, 614, 615, 616, 617, 618, 619, 620, 621, 622, 623, 624, 625, 626, 627, 628, 629, 636]}, "HeatingCurveOptimizerOptionsFlowHandler": {"executed_lines": [], "summary": {"covered_lines": 0, "num_statements": 132, "percent_covered": 0.0, "percent_covered_display": "0", "missing_lines": 132, "excluded_lines": 0}, "missing_lines": [643, 649, 650, 652, 653, 654, 655, 656, 657, 658, 659, 660, 661, 662, 663, 664, 665, 666, 667, 668, 669, 672, 675, 676, 677, 678, 679, 682, 683, 684, 690, 691, 692, 693, 694, 695, 696, 697, 701, 704, 708, 711, 712, 713, 714, 717, 727, 736, 739, 740, 741, 742, 743, 744, 745, 746, 747, 748, 749, 754, 755, 760, 765, 770, 805, 806, 808, 811, 812, 813, 816, 817, 819, 834, 835, 836, 837, 838, 839, 840, 841, 844, 847, 848, 849, 850, 851, 854, 855, 857, 858, 862, 940, 943, 944, 947, 948, 949, 954, 959, 962, 963, 966, 969, 972, 975, 978, 980, 984, 1045, 1050, 1051, 1053, 1061, 1065, 1067, 1070, 1071, 1073, 1079, 1087, 1089, 1107, 1108, 1109, 1110, 1111, 1113, 1119, 1126, 1134, 1159], "excluded_lines": []}, "": {"executed_lines": [1, 3, 4, 6, 8, 9, 14, 15, 16, 18, 70, 71, 72, 73, 76, 77, 79, 81, 118, 195, 218, 228, 237, 247, 331, 436, 520, 573, 631, 632, 633, 639, 640, 642, 716, 726, 735, 738, 810, 833, 942, 1049, 1106], "summary": {"covered_lines": 25, "num_statements": 28, "percent_covered": 89.28571428571429, "percent_covered_display": "89", "missing_lines": 3, "excluded_lines": 34}, "missing_lines": [10, 12, 13], "excluded_lines": [76, 77, 78, 79, 80, 81, 117, 118, 119, 120, 194, 195, 217, 218, 227, 228, 236, 237, 246, 247, 330, 331, 435, 436, 519, 520, 572, 573, 630, 631, 632, 633, 634, 635]}}}, "custom_components/heating_curve_optimizer/const.py": {"executed_lines": [1, 4, 5, 8, 11, 12, 13, 14, 15, 16, 19, 20, 22, 23, 25, 26, 28, 29, 30, 31, 32, 33, 34, 35, 36, 37, 38, 39, 40, 41, 42, 43, 44, 45, 48, 49, 50, 53, 54, 59, 104, 105, 106, 107, 110, 113, 118, 133, 148, 151, 155, 169, 216, 273, 276, 279, 282, 290, 293, 294, 297, 302], "summary": {"covered_lines": 61, "num_statements": 79, "percent_covered": 77.21518987341773, "percent_covered_display": "77", "missing_lines": 18, "excluded_lines": 1}, "missing_lines": [196, 197, 199, 200, 203, 209, 210, 211, 213, 250, 251, 254, 258, 259, 261, 264, 267, 269], "excluded_lines": [3], "functions": {"calculate_ventilation_htc": {"executed_lines": [], "summary": {"covered_lines": 0, "num_statements": 9, "percent_covered": 0.0, "percent_covered_display": "0", "missing_lines": 9, "excluded_lines": 0}, "missing_lines": [196, 197, 199, 200, 203, 209, 210, 211, 213], "excluded_lines": []}, "calculate_htc_from_energy_label": {"executed_lines": [], "summary": {"covered_lines": 0, "num_statements": 9, "percent_covered": 0.0, "percent_covered_display": "0", "missing_lines": 9, "excluded_lines": 0}, "missing_lines": [250, 251, 254, 258, 259, 261, 264, 267, 269], "excluded_lines": []}, "": {"executed_lines": [1, 4, 5, 8, 11, 12, 13, 14, 15, 16, 19, 20, 22, 23, 25, 26, 28, 29, 30, 31, 32, 33, 34, 35, 36, 37, 38, 39, 40, 41, 42, 43, 44, 45, 48, 49, 50, 53, 54, 59, 104, 105, 106, 107, 110, 113, 118, 133, 148, 151, 155, 169, 216, 273, 276, 279, 282, 290, 293, 294, 297, 302], "summary": {"covered_lines": 61, "num_statements": 61, "percent_covered": 100.0, "percent_covered_display": "100", "missing_lines": 0, "excluded_lines": 1}, "missing_lines": [], "excluded_lines": [3]}}, "classes": {"": {"executed_lines": [1, 4, 5, 8, 11, 12, 13, 14, 15, 16, 19, 20, 22, 23, 25, 26, 28, 29, 30, 31, 32, 33, 34, 35, 36, 37, 38, 39, 40, 41, 42, 43, 44, 45, 48, 49, 50, 53, 54, 59, 104, 105, 106, 107, 110, 113, 118, 133, 148, 151, 155, 169, 216, 273, 276, 279, 282, 290, 293, 294, 297, 302], "summary": {"covered_lines": 61, "num_statements": 79, "percent_covered": 77.21518987341773, "percent_covered_display": "77", "missing_lines": 18, "excluded_lines": 1}, "missing_lines": [196, 197, 199, 200, 203, 209, 210, 211, 213, 250, 251, 254, 258, 259, 261, 264, 267, 269], "excluded_lines": [3]}}}, "custom_components/heating_curve_optimizer/coordinator.py": {"executed_lines": [1, 3, 5, 6, 7, 8, 10, 11, 12, 13, 17, 18, 20, 57, 58, 60, 63, 64, 66, 78, 156, 157, 159, 177, 189, 211, 217, 303, 344, 392, 393, 395, 414, 424, 445, 451, 541], "summary": {"covered_lines": 33, "num_statements": 257, "percent_covered": 12.84046692607004, "percent_covered_display": "13", "missing_lines": 224, "excluded_lines": 0}, "missing_lines": [68, 74, 75, 76, 80, 85, 92, 93, 96, 97, 98, 99, 100, 103, 104, 107, 108, 109, 110, 111, 113, 114, 117, 118, 119, 120, 121, 122, 123, 124, 125, 126, 129, 130, 133, 139, 147, 153, 166, 172, 173, 174, 175, 179, 180, 185, 191, 192, 194, 195, 197, 198, 199, 201, 202, 207, 208, 209, 213, 214, 215, 220, 221, 222, 225, 226, 228, 229, 232, 233, 234, 235, 236, 237, 238, 239, 242, 245, 249, 257, 258, 261, 266, 272, 278, 279, 281, 294, 301, 307, 308, 309, 310, 312, 314, 315, 319, 323, 329, 330, 332, 338, 340, 342, 346, 347, 348, 349, 351, 353, 354, 357, 361, 364, 370, 371, 375, 387, 389, 402, 408, 409, 410, 411, 412, 416, 417, 422, 426, 427, 428, 430, 431, 433, 434, 435, 436, 440, 441, 442, 443, 447, 448, 449, 454, 455, 456, 458, 461, 462, 463, 465, 468, 469, 471, 472, 473, 475, 479, 481, 482, 483, 484, 485, 488, 491, 492, 493, 494, 499, 506, 507, 508, 509, 512, 515, 533, 539, 559, 561, 562, 563, 564, 567, 585, 586, 587, 588, 589, 591, 592, 593, 595, 596, 597, 598, 600, 603, 605, 608, 611, 614, 619, 622, 627, 630, 631, 632, 633, 636, 637, 639, 640, 641, 642, 645, 650, 653, 658, 660, 662, 679, 680, 682], "excluded_lines": [], "functions": {"WeatherDataCoordinator.__init__": {"executed_lines": [], "summary": {"covered_lines": 0, "num_statements": 4, "percent_covered": 0.0, "percent_covered_display": "0", "missing_lines": 4, "excluded_lines": 0}, "missing_lines": [68, 74, 75, 76], "excluded_lines": []}, "WeatherDataCoordinator._async_update_data": {"executed_lines": [], "summary": {"covered_lines": 0, "num_statements": 34, "percent_covered": 0.0, "percent_covered_display": "0", "missing_lines": 34, "excluded_lines": 0}, "missing_lines": [80, 85, 92, 93, 96, 97, 98, 99, 100, 103, 104, 107, 108, 109, 110, 111, 113, 114, 117, 118, 119, 120, 121, 122, 123, 124, 125, 126, 129, 130, 133, 139, 147, 153], "excluded_lines": []}, "HeatCalculationCoordinator.__init__": {"executed_lines": [], "summary": {"covered_lines": 0, "num_statements": 5, "percent_covered": 0.0, "percent_covered_display": "0", "missing_lines": 5, "excluded_lines": 0}, "missing_lines": [166, 172, 173, 174, 175], "excluded_lines": []}, "HeatCalculationCoordinator.async_setup": {"executed_lines": [], "summary": {"covered_lines": 0, "num_statements": 3, "percent_covered": 0.0, "percent_covered_display": "0", "missing_lines": 3, "excluded_lines": 0}, "missing_lines": [179, 180, 185], "excluded_lines": []}, "HeatCalculationCoordinator._handle_indoor_temp_change": {"executed_lines": [], "summary": {"covered_lines": 0, "num_statements": 12, "percent_covered": 0.0, "percent_covered_display": "0", "missing_lines": 12, "excluded_lines": 0}, "missing_lines": [191, 192, 194, 195, 197, 198, 199, 201, 202, 207, 208, 209], "excluded_lines": []}, "HeatCalculationCoordinator.async_shutdown": {"executed_lines": [], "summary": {"covered_lines": 0, "num_statements": 3, "percent_covered": 0.0, "percent_covered_display": "0", "missing_lines": 3, "excluded_lines": 0}, "missing_lines": [213, 214, 215], "excluded_lines": []}, "HeatCalculationCoordinator._async_update_data": {"executed_lines": [], "summary": {"covered_lines": 0, "num_statements": 28, "percent_covered": 0.0, "percent_covered_display": "0", "missing_lines": 28, "excluded_lines": 0}, "missing_lines": [220, 221, 222, 225, 226, 228, 229, 232, 233, 234, 235, 236, 237, 238, 239, 242, 245, 249, 257, 258, 261, 266, 272, 278, 279, 281, 294, 301], "excluded_lines": []}, "HeatCalculationCoordinator._calculate_solar_gain": {"executed_lines": [], "summary": {"covered_lines": 0, "num_statements": 15, "percent_covered": 0.0, "percent_covered_display": "0", "missing_lines": 15, "excluded_lines": 0}, "missing_lines": [307, 308, 309, 310, 312, 314, 315, 319, 323, 329, 330, 332, 338, 340, 342], "excluded_lines": []}, "HeatCalculationCoordinator._calculate_pv_production": {"executed_lines": [], "summary": {"covered_lines": 0, "num_statements": 15, "percent_covered": 0.0, "percent_covered_display": "0", "missing_lines": 15, "excluded_lines": 0}, "missing_lines": [346, 347, 348, 349, 351, 353, 354, 357, 361, 364, 370, 371, 375, 387, 389], "excluded_lines": []}, "OptimizationCoordinator.__init__": {"executed_lines": [], "summary": {"covered_lines": 0, "num_statements": 6, "percent_covered": 0.0, "percent_covered_display": "0", "missing_lines": 6, "excluded_lines": 0}, "missing_lines": [402, 408, 409, 410, 411, 412], "excluded_lines": []}, "OptimizationCoordinator.async_setup": {"executed_lines": [], "summary": {"covered_lines": 0, "num_statements": 3, "percent_covered": 0.0, "percent_covered_display": "0", "missing_lines": 3, "excluded_lines": 0}, "missing_lines": [416, 417, 422], "excluded_lines": []}, "OptimizationCoordinator._handle_price_change": {"executed_lines": [], "summary": {"covered_lines": 0, "num_statements": 13, "percent_covered": 0.0, "percent_covered_display": "0", "missing_lines": 13, "excluded_lines": 0}, "missing_lines": [426, 427, 428, 430, 431, 433, 434, 435, 436, 440, 441, 442, 443], "excluded_lines": []}, "OptimizationCoordinator.async_shutdown": {"executed_lines": [], "summary": {"covered_lines": 0, "num_statements": 3, "percent_covered": 0.0, "percent_covered_display": "0", "missing_lines": 3, "excluded_lines": 0}, "missing_lines": [447, 448, 449], "excluded_lines": []}, "OptimizationCoordinator._async_update_data": {"executed_lines": [], "summary": {"covered_lines": 0, "num_statements": 34, "percent_covered": 0.0, "percent_covered_display": "0", "missing_lines": 34, "excluded_lines": 0}, "missing_lines": [454, 455, 456, 458, 461, 462, 463, 465, 468, 469, 471, 472, 473, 475, 479, 481, 482, 483, 484, 485, 488, 491, 492, 493, 494, 499, 506, 507, 508, 509, 512, 515, 533, 539], "excluded_lines": []}, "OptimizationCoordinator._run_optimization": {"executed_lines": [], "summary": {"covered_lines": 0, "num_statements": 46, "percent_covered": 0.0, "percent_covered_display": "0", "missing_lines": 46, "excluded_lines": 0}, "missing_lines": [559, 561, 562, 563, 564, 567, 585, 586, 587, 588, 589, 591, 592, 593, 595, 596, 597, 598, 600, 603, 605, 608, 611, 614, 619, 622, 627, 630, 631, 632, 633, 636, 637, 639, 640, 641, 642, 645, 650, 653, 658, 660, 662, 679, 680, 682], "excluded_lines": []}, "": {"executed_lines": [1, 3, 5, 6, 7, 8, 10, 11, 12, 13, 17, 18, 20, 57, 58, 60, 63, 64, 66, 78, 156, 157, 159, 177, 189, 211, 217, 303, 344, 392, 393, 395, 414, 424, 445, 451, 541], "summary": {"covered_lines": 33, "num_statements": 33, "percent_covered": 100.0, "percent_covered_display": "100", "missing_lines": 0, "excluded_lines": 0}, "missing_lines": [], "excluded_lines": []}}, "classes": {"WeatherDataCoordinator": {"executed_lines": [], "summary": {"covered_lines": 0, "num_statements": 38, "percent_covered": 0.0, "percent_covered_display": "0", "missing_lines": 38, "excluded_lines": 0}, "missing_lines": [68, 74, 75, 76, 80, 85, 92, 93, 96, 97, 98, 99, 100, 103, 104, 107, 108, 109, 110, 111, 113, 114, 117, 118, 119, 120, 121, 122, 123, 124, 125, 126, 129, 130, 133, 139, 147, 153], "excluded_lines": []}, "HeatCalculationCoordinator": {"executed_lines": [], "summary": {"covered_lines": 0, "num_statements": 81, "percent_covered": 0.0, "percent_covered_display": "0", "missing_lines": 81, "excluded_lines": 0}, "missing_lines": [166, 172, 173, 174, 175, 179, 180, 185, 191, 192, 194, 195, 197, 198, 199, 201, 202, 207, 208, 209, 213, 214, 215, 220, 221, 222, 225, 226, 228, 229, 232, 233, 234, 235, 236, 237, 238, 239, 242, 245, 249, 257, 258, 261, 266, 272, 278, 279, 281, 294, 301, 307, 308, 309, 310, 312, 314, 315, 319, 323, 329, 330, 332, 338, 340, 342, 346, 347, 348, 349, 351, 353, 354, 357, 361, 364, 370, 371, 375, 387, 389], "excluded_lines": []}, "OptimizationCoordinator": {"executed_lines": [], "summary": {"covered_lines": 0, "num_statements": 105, "percent_covered": 0.0, "percent_covered_display": "0", "missing_lines": 105, "excluded_lines": 0}, "missing_lines": [402, 408, 409, 410, 411, 412, 416, 417, 422, 426, 427, 428, 430, 431, 433, 434, 435, 436, 440, 441, 442, 443, 447, 448, 449, 454, 455, 456, 458, 461, 462, 463, 465, 468, 469, 471, 472, 473, 475, 479, 481, 482, 483, 484, 485, 488, 491, 492, 493, 494, 499, 506, 507, 508, 509, 512, 515, 533, 539, 559, 561, 562, 563, 564, 567, 585, 586, 587, 588, 589, 591, 592, 593, 595, 596, 597, 598, 600, 603, 605, 608, 611, 614, 619, 622, 627, 630, 631, 632, 633, 636, 637, 639, 640, 641, 642, 645, 650, 653, 658, 660, 662, 679, 680, 682], "excluded_lines": []}, "": {"executed_lines": [1, 3, 5, 6, 7, 8, 10, 11, 12, 13, 17, 18, 20, 57, 58, 60, 63, 64, 66, 78, 156, 157, 159, 177, 189, 211, 217, 303, 344, 392, 393, 395, 414, 424, 445, 451, 541], "summary": {"covered_lines": 33, "num_statements": 33, "percent_covered": 100.0, "percent_covered_display": "100", "missing_lines": 0, "excluded_lines": 0}, "missing_lines": [], "excluded_lines": []}}}, "custom_components/heating_curve_optimizer/diagnostics.py": {"executed_lines": [], "summary": {"covered_lines": 0, "num_statements": 36, "percent_covered": 0.0, "percent_covered_display": "0", "missing_lines": 36, "excluded_lines": 5}, "missing_lines": [3, 5, 6, 7, 9, 10, 11, 12, 14, 16, 19, 22, 23, 25, 38, 41, 42, 44, 47, 50, 51, 52, 55, 63, 65, 66, 70, 71, 72, 73, 74, 75, 76, 78, 106, 117], "excluded_lines": [60, 61, 62, 67, 68], "functions": {"_serialize_state": {"executed_lines": [], "summary": {"covered_lines": 0, "num_statements": 3, "percent_covered": 0.0, "percent_covered_display": "0", "missing_lines": 3, "excluded_lines": 0}, "missing_lines": [22, 23, 25], "excluded_lines": []}, "_serialize_mapping": {"executed_lines": [], "summary": {"covered_lines": 0, "num_statements": 3, "percent_covered": 0.0, "percent_covered_display": "0", "missing_lines": 3, "excluded_lines": 0}, "missing_lines": [41, 42, 44], "excluded_lines": []}, "_stringify": {"executed_lines": [], "summary": {"covered_lines": 0, "num_statements": 3, "percent_covered": 0.0, "percent_covered_display": "0", "missing_lines": 3, "excluded_lines": 0}, "missing_lines": [50, 51, 52], "excluded_lines": []}, "async_get_config_entry_diagnostics": {"executed_lines": [], "summary": {"covered_lines": 0, "num_statements": 13, "percent_covered": 0.0, "percent_covered_display": "0", "missing_lines": 13, "excluded_lines": 5}, "missing_lines": [63, 65, 66, 70, 71, 72, 73, 74, 75, 76, 78, 106, 117], "excluded_lines": [60, 61, 62, 67, 68]}, "": {"executed_lines": [], "summary": {"covered_lines": 0, "num_statements": 14, "percent_covered": 0.0, "percent_covered_display": "0", "missing_lines": 14, "excluded_lines": 0}, "missing_lines": [3, 5, 6, 7, 9, 10, 11, 12, 14, 16, 19, 38, 47, 55], "excluded_lines": []}}, "classes": {"": {"executed_lines": [], "summary": {"covered_lines": 0, "num_statements": 36, "percent_covered": 0.0, "percent_covered_display": "0", "missing_lines": 36, "excluded_lines": 5}, "missing_lines": [3, 5, 6, 7, 9, 10, 11, 12, 14, 16, 19, 22, 23, 25, 38, 41, 42, 44, 47, 50, 51, 52, 55, 63, 65, 66, 70, 71, 72, 73, 74, 75, 76, 78, 106, 117], "excluded_lines": [60, 61, 62, 67, 68]}}}, "custom_components/heating_curve_optimizer/entity.py": {"executed_lines": [1, 4, 10, 13, 15, 18, 19, 30, 31, 32, 33, 34, 35, 36, 37, 38, 39, 40, 41, 42, 43, 44, 45, 47, 48, 51, 62, 66, 70, 77, 86, 92, 96, 101], "summary": {"covered_lines": 34, "num_statements": 55, "percent_covered": 61.81818181818182, "percent_covered_display": "62", "missing_lines": 21, "excluded_lines": 0}, "missing_lines": [49, 52, 53, 57, 58, 59, 60, 63, 64, 67, 68, 71, 80, 81, 82, 83, 84, 89, 90, 94, 98], "excluded_lines": [], "functions": {"BaseUtilitySensor.__init__": {"executed_lines": [30, 31, 32, 33, 34, 35, 36, 37, 38, 39, 40, 41, 42, 43, 44, 45], "summary": {"covered_lines": 16, "num_statements": 16, "percent_covered": 100.0, "percent_covered_display": "100", "missing_lines": 0, "excluded_lines": 0}, "missing_lines": [], "excluded_lines": []}, "BaseUtilitySensor.native_value": {"executed_lines": [], "summary": {"covered_lines": 0, "num_statements": 1, "percent_covered": 0.0, "percent_covered_display": "0", "missing_lines": 1, "excluded_lines": 0}, "missing_lines": [49], "excluded_lines": []}, "BaseUtilitySensor.async_added_to_hass": {"executed_lines": [], "summary": {"covered_lines": 0, "num_statements": 6, "percent_covered": 0.0, "percent_covered_display": "0", "missing_lines": 6, "excluded_lines": 0}, "missing_lines": [52, 53, 57, 58, 59, 60], "excluded_lines": []}, "BaseUtilitySensor.reset": {"executed_lines": [], "summary": {"covered_lines": 0, "num_statements": 2, "percent_covered": 0.0, "percent_covered_display": "0", "missing_lines": 2, "excluded_lines": 0}, "missing_lines": [63, 64], "excluded_lines": []}, "BaseUtilitySensor.set_value": {"executed_lines": [], "summary": {"covered_lines": 0, "num_statements": 2, "percent_covered": 0.0, "percent_covered_display": "0", "missing_lines": 2, "excluded_lines": 0}, "missing_lines": [67, 68], "excluded_lines": []}, "BaseUtilitySensor._friendly_name": {"executed_lines": [], "summary": {"covered_lines": 0, "num_statements": 1, "percent_covered": 0.0, "percent_covered_display": "0", "missing_lines": 1, "excluded_lines": 0}, "missing_lines": [71], "excluded_lines": []}, "BaseUtilitySensor._set_unavailable": {"executed_lines": [], "summary": {"covered_lines": 0, "num_statements": 5, "percent_covered": 0.0, "percent_covered_display": "0", "missing_lines": 5, "excluded_lines": 0}, "missing_lines": [80, 81, 82, 83, 84], "excluded_lines": []}, "BaseUtilitySensor._mark_available": {"executed_lines": [], "summary": {"covered_lines": 0, "num_statements": 2, "percent_covered": 0.0, "percent_covered_display": "0", "missing_lines": 2, "excluded_lines": 0}, "missing_lines": [89, 90], "excluded_lines": []}, "BaseUtilitySensor.async_reset": {"executed_lines": [], "summary": {"covered_lines": 0, "num_statements": 1, "percent_covered": 0.0, "percent_covered_display": "0", "missing_lines": 1, "excluded_lines": 0}, "missing_lines": [94], "excluded_lines": []}, "BaseUtilitySensor.async_set_value": {"executed_lines": [], "summary": {"covered_lines": 0, "num_statements": 1, "percent_covered": 0.0, "percent_covered_display": "0", "missing_lines": 1, "excluded_lines": 0}, "missing_lines": [98], "excluded_lines": []}, "": {"executed_lines": [1, 4, 10, 13, 15, 18, 19, 47, 48, 51, 62, 66, 70, 77, 86, 92, 96, 101], "summary": {"covered_lines": 18, "num_statements": 18, "percent_covered": 100.0, "percent_covered_display": "100", "missing_lines": 0, "excluded_lines": 0}, "missing_lines": [], "excluded_lines": []}}, "classes": {"BaseUtilitySensor": {"executed_lines": [30, 31, 32, 33, 34, 35, 36, 37, 38, 39, 40, 41, 42, 43, 44, 45], "summary": {"covered_lines": 16, "num_statements": 37, "percent_covered": 43.24324324324324, "percent_covered_display": "43", "missing_lines": 21, "excluded_lines": 0}, "missing_lines": [49, 52, 53, 57, 58, 59, 60, 63, 64, 67, 68, 71, 80, 81, 82, 83, 84, 89, 90, 94, 98], "excluded_lines": []}, "": {"executed_lines": [1, 4, 10, 13, 15, 18, 19, 47, 48, 51, 62, 66, 70, 77, 86, 92, 96, 101], "summary": {"covered_lines": 18, "num_statements": 18, "percent_covered": 100.0, "percent_covered_display": "100", "missing_lines": 0, "excluded_lines": 0}, "missing_lines": [], "excluded_lines": []}}}, "custom_components/heating_curve_optimizer/helpers.py": {"executed_lines": [1, 3, 5, 6, 7, 9, 11, 14, 26, 38, 66, 178, 184, 201], "summary": {"covered_lines": 13, "num_statements": 151, "percent_covered": 8.609271523178808, "percent_covered_display": "9", "missing_lines": 138, "excluded_lines": 0}, "missing_lines": [17, 18, 19, 20, 21, 22, 23, 29, 30, 32, 33, 34, 35, 43, 45, 46, 48, 49, 50, 51, 52, 53, 54, 55, 57, 58, 59, 60, 61, 63, 73, 74, 75, 76, 77, 78, 79, 80, 81, 85, 87, 89, 90, 92, 94, 95, 98, 99, 100, 102, 103, 104, 105, 106, 107, 108, 109, 110, 111, 113, 114, 115, 116, 117, 119, 120, 122, 123, 126, 127, 128, 129, 130, 131, 132, 133, 134, 136, 138, 139, 140, 141, 142, 143, 144, 146, 147, 148, 149, 150, 151, 153, 154, 156, 157, 158, 159, 160, 162, 163, 164, 165, 167, 168, 170, 171, 172, 173, 175, 180, 181, 193, 194, 195, 196, 197, 198, 221, 222, 225, 226, 232, 233, 236, 237, 240, 243, 245, 246, 252, 253, 259, 260, 264, 267, 270, 272, 280], "excluded_lines": [], "functions": {"_coerce_time_base": {"executed_lines": [], "summary": {"covered_lines": 0, "num_statements": 7, "percent_covered": 0.0, "percent_covered_display": "0", "missing_lines": 7, "excluded_lines": 0}, "missing_lines": [17, 18, 19, 20, 21, 22, 23], "excluded_lines": []}, "_normalize_price_value": {"executed_lines": [], "summary": {"covered_lines": 0, "num_statements": 6, "percent_covered": 0.0, "percent_covered_display": "0", "missing_lines": 6, "excluded_lines": 0}, "missing_lines": [29, 30, 32, 33, 34, 35], "excluded_lines": []}, "_detect_interval_from_entries": {"executed_lines": [], "summary": {"covered_lines": 0, "num_statements": 17, "percent_covered": 0.0, "percent_covered_display": "0", "missing_lines": 17, "excluded_lines": 0}, "missing_lines": [43, 45, 46, 48, 49, 50, 51, 52, 53, 54, 55, 57, 58, 59, 60, 61, 63], "excluded_lines": []}, "extract_price_forecast_with_interval": {"executed_lines": [], "summary": {"covered_lines": 0, "num_statements": 59, "percent_covered": 0.0, "percent_covered_display": "0", "missing_lines": 59, "excluded_lines": 0}, "missing_lines": [73, 74, 75, 76, 77, 78, 79, 80, 81, 85, 87, 89, 90, 92, 119, 120, 122, 123, 126, 127, 128, 129, 130, 131, 132, 133, 134, 136, 138, 139, 140, 141, 142, 143, 144, 146, 147, 148, 149, 150, 151, 153, 154, 156, 157, 158, 159, 160, 162, 163, 164, 165, 167, 168, 170, 171, 172, 173, 175], "excluded_lines": []}, "extract_price_forecast_with_interval._extend_interval_forecast": {"executed_lines": [], "summary": {"covered_lines": 0, "num_statements": 20, "percent_covered": 0.0, "percent_covered_display": "0", "missing_lines": 20, "excluded_lines": 0}, "missing_lines": [94, 95, 98, 99, 100, 102, 103, 104, 105, 106, 107, 108, 109, 110, 111, 113, 114, 115, 116, 117], "excluded_lines": []}, "extract_price_forecast": {"executed_lines": [], "summary": {"covered_lines": 0, "num_statements": 2, "percent_covered": 0.0, "percent_covered_display": "0", "missing_lines": 2, "excluded_lines": 0}, "missing_lines": [180, 181], "excluded_lines": []}, "calculate_supply_temperature": {"executed_lines": [], "summary": {"covered_lines": 0, "num_statements": 6, "percent_covered": 0.0, "percent_covered_display": "0", "missing_lines": 6, "excluded_lines": 0}, "missing_lines": [193, 194, 195, 196, 197, 198], "excluded_lines": []}, "calculate_defrost_factor": {"executed_lines": [], "summary": {"covered_lines": 0, "num_statements": 21, "percent_covered": 0.0, "percent_covered_display": "0", "missing_lines": 21, "excluded_lines": 0}, "missing_lines": [221, 222, 225, 226, 232, 233, 236, 237, 240, 243, 245, 246, 252, 253, 259, 260, 264, 267, 270, 272, 280], "excluded_lines": []}, "": {"executed_lines": [1, 3, 5, 6, 7, 9, 11, 14, 26, 38, 66, 178, 184, 201], "summary": {"covered_lines": 13, "num_statements": 13, "percent_covered": 100.0, "percent_covered_display": "100", "missing_lines": 0, "excluded_lines": 0}, "missing_lines": [], "excluded_lines": []}}, "classes": {"": {"executed_lines": [1, 3, 5, 6, 7, 9, 11, 14, 26, 38, 66, 178, 184, 201], "summary": {"covered_lines": 13, "num_statements": 151, "percent_covered": 8.609271523178808, "percent_covered_display": "9", "missing_lines": 138, "excluded_lines": 0}, "missing_lines": [17, 18, 19, 20, 21, 22, 23, 29, 30, 32, 33, 34, 35, 43, 45, 46, 48, 49, 50, 51, 52, 53, 54, 55, 57, 58, 59, 60, 61, 63, 73, 74, 75, 76, 77, 78, 79, 80, 81, 85, 87, 89, 90, 92, 94, 95, 98, 99, 100, 102, 103, 104, 105, 106, 107, 108, 109, 110, 111, 113, 114, 115, 116, 117, 119, 120, 122, 123, 126, 127, 128, 129, 130, 131, 132, 133, 134, 136, 138, 139, 140, 141, 142, 143, 144, 146, 147, 148, 149, 150, 151, 153, 154, 156, 157, 158, 159, 160, 162, 163, 164, 165, 167, 168, 170, 171, 172, 173, 175, 180, 181, 193, 194, 195, 196, 197, 198, 221, 222, 225, 226, 232, 233, 236, 237, 240, 243, 245, 246, 252, 253, 259, 260, 264, 267, 270, 272, 280], "excluded_lines": []}}}, "custom_components/heating_curve_optimizer/optimizer.py": {"executed_lines": [1, 3, 5, 6, 8, 14, 16, 19, 237, 269, 272, 274, 275, 277, 278, 279, 286, 289, 290, 292], "summary": {"covered_lines": 19, "num_statements": 103, "percent_covered": 18.446601941747574, "percent_covered_display": "18", "missing_lines": 84, "excluded_lines": 0}, "missing_lines": [48, 59, 60, 61, 65, 66, 69, 71, 72, 76, 78, 81, 87, 98, 100, 101, 104, 111, 113, 117, 118, 119, 120, 121, 122, 125, 129, 133, 134, 136, 142, 143, 147, 148, 150, 151, 152, 154, 159, 160, 161, 162, 163, 165, 166, 174, 175, 176, 177, 178, 185, 186, 190, 191, 192, 193, 197, 198, 200, 201, 203, 204, 205, 206, 208, 210, 211, 212, 213, 214, 215, 216, 217, 218, 219, 224, 225, 226, 227, 228, 230, 234, 270, 281], "excluded_lines": [], "functions": {"optimize_offsets": {"executed_lines": [], "summary": {"covered_lines": 0, "num_statements": 77, "percent_covered": 0.0, "percent_covered_display": "0", "missing_lines": 77, "excluded_lines": 0}, "missing_lines": [48, 59, 60, 61, 65, 66, 69, 71, 72, 76, 78, 81, 87, 98, 117, 118, 119, 120, 121, 122, 125, 129, 133, 134, 136, 142, 143, 147, 148, 150, 151, 152, 154, 159, 160, 161, 162, 163, 165, 166, 174, 175, 176, 177, 178, 185, 186, 190, 191, 192, 193, 197, 198, 200, 201, 203, 204, 205, 206, 208, 210, 211, 212, 213, 214, 215, 216, 217, 218, 219, 224, 225, 226, 227, 228, 230, 234], "excluded_lines": []}, "optimize_offsets._calculate_cop": {"executed_lines": [], "summary": {"covered_lines": 0, "num_statements": 5, "percent_covered": 0.0, "percent_covered_display": "0", "missing_lines": 5, "excluded_lines": 0}, "missing_lines": [100, 101, 104, 111, 113], "excluded_lines": []}, "calculate_buffer_energy": {"executed_lines": [269, 272, 274, 275, 277, 278, 279, 286, 289, 290, 292], "summary": {"covered_lines": 11, "num_statements": 13, "percent_covered": 84.61538461538461, "percent_covered_display": "85", "missing_lines": 2, "excluded_lines": 0}, "missing_lines": [270, 281], "excluded_lines": []}, "": {"executed_lines": [1, 3, 5, 6, 8, 14, 16, 19, 237], "summary": {"covered_lines": 8, "num_statements": 8, "percent_covered": 100.0, "percent_covered_display": "100", "missing_lines": 0, "excluded_lines": 0}, "missing_lines": [], "excluded_lines": []}}, "classes": {"": {"executed_lines": [1, 3, 5, 6, 8, 14, 16, 19, 237, 269, 272, 274, 275, 277, 278, 279, 286, 289, 290, 292], "summary": {"covered_lines": 19, "num_statements": 103, "percent_covered": 18.446601941747574, "percent_covered_display": "18", "missing_lines": 84, "excluded_lines": 0}, "missing_lines": [48, 59, 60, 61, 65, 66, 69, 71, 72, 76, 78, 81, 87, 98, 100, 101, 104, 111, 113, 117, 118, 119, 120, 121, 122, 125, 129, 133, 134, 136, 142, 143, 147, 148, 150, 151, 152, 154, 159, 160, 161, 162, 163, 165, 166, 174, 175, 176, 177, 178, 185, 186, 190, 191, 192, 193, 197, 198, 200, 201, 203, 204, 205, 206, 208, 210, 211, 212, 213, 214, 215, 216, 217, 218, 219, 224, 225, 226, 227, 228, 230, 234, 270, 281], "excluded_lines": []}}}, "custom_components/heating_curve_optimizer/sensor/__init__.py": {"executed_lines": [1, 3, 5, 7, 8, 9, 11, 33, 34, 35, 36, 37, 38, 39, 42, 43, 44, 45, 48, 49, 55, 57, 60, 247], "summary": {"covered_lines": 23, "num_statements": 86, "percent_covered": 26.74418604651163, "percent_covered_display": "27", "missing_lines": 63, "excluded_lines": 0}, "missing_lines": [64, 67, 68, 69, 70, 71, 72, 75, 78, 88, 98, 108, 118, 129, 139, 149, 159, 170, 171, 172, 191, 205, 218, 219, 220, 239, 243, 244, 258, 259, 260, 261, 275, 276, 278, 279, 280, 281, 284, 289, 290, 291, 292, 293, 294, 295, 298, 309, 312, 313, 314, 315, 316, 319, 320, 321, 322, 323, 324, 325, 328, 329, 346], "excluded_lines": [], "functions": {"async_setup_entry": {"executed_lines": [], "summary": {"covered_lines": 0, "num_statements": 28, "percent_covered": 0.0, "percent_covered_display": "0", "missing_lines": 28, "excluded_lines": 0}, "missing_lines": [64, 67, 68, 69, 70, 71, 72, 75, 78, 88, 98, 108, 118, 129, 139, 149, 159, 170, 171, 172, 191, 205, 218, 219, 220, 239, 243, 244], "excluded_lines": []}, "_setup_event_driven_sensors": {"executed_lines": [], "summary": {"covered_lines": 0, "num_statements": 35, "percent_covered": 0.0, "percent_covered_display": "0", "missing_lines": 35, "excluded_lines": 0}, "missing_lines": [258, 259, 260, 261, 275, 276, 278, 279, 280, 281, 284, 289, 290, 291, 292, 293, 294, 295, 298, 309, 312, 313, 314, 315, 316, 319, 320, 321, 322, 323, 324, 325, 328, 329, 346], "excluded_lines": []}, "": {"executed_lines": [1, 3, 5, 7, 8, 9, 11, 33, 34, 35, 36, 37, 38, 39, 42, 43, 44, 45, 48, 49, 55, 57, 60, 247], "summary": {"covered_lines": 23, "num_statements": 23, "percent_covered": 100.0, "percent_covered_display": "100", "missing_lines": 0, "excluded_lines": 0}, "missing_lines": [], "excluded_lines": []}}, "classes": {"": {"executed_lines": [1, 3, 5, 7, 8, 9, 11, 33, 34, 35, 36, 37, 38, 39, 42, 43, 44, 45, 48, 49, 55, 57, 60, 247], "summary": {"covered_lines": 23, "num_statements": 86, "percent_covered": 26.74418604651163, "percent_covered_display": "27", "missing_lines": 63, "excluded_lines": 0}, "missing_lines": [64, 67, 68, 69, 70, 71, 72, 75, 78, 88, 98, 108, 118, 129, 139, 149, 159, 170, 171, 172, 191, 205, 218, 219, 220, 239, 243, 244, 258, 259, 260, 261, 275, 276, 278, 279, 280, 281, 284, 289, 290, 291, 292, 293, 294, 295, 298, 309, 312, 313, 314, 315, 316, 319, 320, 321, 322, 323, 324, 325, 328, 329, 346], "excluded_lines": []}}}, "custom_components/heating_curve_optimizer/sensor/cop/__init__.py": {"executed_lines": [1], "summary": {"covered_lines": 0, "num_statements": 0, "percent_covered": 100.0, "percent_covered_display": "100", "missing_lines": 0, "excluded_lines": 0}, "missing_lines": [], "excluded_lines": [], "functions": {"": {"executed_lines": [1], "summary": {"covered_lines": 0, "num_statements": 0, "percent_covered": 100.0, "percent_covered_display": "100", "missing_lines": 0, "excluded_lines": 0}, "missing_lines": [], "excluded_lines": []}}, "classes": {"": {"executed_lines": [1], "summary": {"covered_lines": 0, "num_statements": 0, "percent_covered": 100.0, "percent_covered_display": "100", "missing_lines": 0, "excluded_lines": 0}, "missing_lines": [], "excluded_lines": []}}}, "custom_components/heating_curve_optimizer/sensor/cop/calculated_supply_temperature.py": {"executed_lines": [1, 3, 5, 6, 7, 9, 12, 15, 17, 48, 49, 75, 76], "summary": {"covered_lines": 11, "num_statements": 33, "percent_covered": 33.333333333333336, "percent_covered_display": "33", "missing_lines": 22, "excluded_lines": 0}, "missing_lines": [29, 30, 41, 42, 43, 44, 45, 46, 51, 52, 55, 56, 57, 61, 62, 63, 64, 67, 68, 69, 73, 78], "excluded_lines": [], "functions": {"CoordinatorCalculatedSupplyTemperatureSensor.__init__": {"executed_lines": [], "summary": {"covered_lines": 0, "num_statements": 8, "percent_covered": 0.0, "percent_covered_display": "0", "missing_lines": 8, "excluded_lines": 0}, "missing_lines": [29, 30, 41, 42, 43, 44, 45, 46], "excluded_lines": []}, "CoordinatorCalculatedSupplyTemperatureSensor.native_value": {"executed_lines": [], "summary": {"covered_lines": 0, "num_statements": 13, "percent_covered": 0.0, "percent_covered_display": "0", "missing_lines": 13, "excluded_lines": 0}, "missing_lines": [51, 52, 55, 56, 57, 61, 62, 63, 64, 67, 68, 69, 73], "excluded_lines": []}, "CoordinatorCalculatedSupplyTemperatureSensor.available": {"executed_lines": [], "summary": {"covered_lines": 0, "num_statements": 1, "percent_covered": 0.0, "percent_covered_display": "0", "missing_lines": 1, "excluded_lines": 0}, "missing_lines": [78], "excluded_lines": []}, "": {"executed_lines": [1, 3, 5, 6, 7, 9, 12, 15, 17, 48, 49, 75, 76], "summary": {"covered_lines": 11, "num_statements": 11, "percent_covered": 100.0, "percent_covered_display": "100", "missing_lines": 0, "excluded_lines": 0}, "missing_lines": [], "excluded_lines": []}}, "classes": {"CoordinatorCalculatedSupplyTemperatureSensor": {"executed_lines": [], "summary": {"covered_lines": 0, "num_statements": 22, "percent_covered": 0.0, "percent_covered_display": "0", "missing_lines": 22, "excluded_lines": 0}, "missing_lines": [29, 30, 41, 42, 43, 44, 45, 46, 51, 52, 55, 56, 57, 61, 62, 63, 64, 67, 68, 69, 73, 78], "excluded_lines": []}, "": {"executed_lines": [1, 3, 5, 6, 7, 9, 12, 15, 17, 48, 49, 75, 76], "summary": {"covered_lines": 11, "num_statements": 11, "percent_covered": 100.0, "percent_covered_display": "100", "missing_lines": 0, "excluded_lines": 0}, "missing_lines": [], "excluded_lines": []}}}, "custom_components/heating_curve_optimizer/sensor/cop/quadratic_cop.py": {"executed_lines": [1, 3, 5, 6, 7, 9, 10, 18, 19, 21, 54], "summary": {"covered_lines": 9, "num_statements": 38, "percent_covered": 23.68421052631579, "percent_covered_display": "24", "missing_lines": 29, "excluded_lines": 0}, "missing_lines": [35, 45, 46, 47, 48, 49, 50, 51, 52, 57, 58, 59, 60, 62, 63, 64, 65, 66, 69, 70, 71, 72, 74, 75, 76, 77, 81, 87, 88], "excluded_lines": [], "functions": {"CoordinatorQuadraticCopSensor.__init__": {"executed_lines": [], "summary": {"covered_lines": 0, "num_statements": 9, "percent_covered": 0.0, "percent_covered_display": "0", "missing_lines": 9, "excluded_lines": 0}, "missing_lines": [35, 45, 46, 47, 48, 49, 50, 51, 52], "excluded_lines": []}, "CoordinatorQuadraticCopSensor.async_update": {"executed_lines": [], "summary": {"covered_lines": 0, "num_statements": 20, "percent_covered": 0.0, "percent_covered_display": "0", "missing_lines": 20, "excluded_lines": 0}, "missing_lines": [57, 58, 59, 60, 62, 63, 64, 65, 66, 69, 70, 71, 72, 74, 75, 76, 77, 81, 87, 88], "excluded_lines": []}, "": {"executed_lines": [1, 3, 5, 6, 7, 9, 10, 18, 19, 21, 54], "summary": {"covered_lines": 9, "num_statements": 9, "percent_covered": 100.0, "percent_covered_display": "100", "missing_lines": 0, "excluded_lines": 0}, "missing_lines": [], "excluded_lines": []}}, "classes": {"CoordinatorQuadraticCopSensor": {"executed_lines": [], "summary": {"covered_lines": 0, "num_statements": 29, "percent_covered": 0.0, "percent_covered_display": "0", "missing_lines": 29, "excluded_lines": 0}, "missing_lines": [35, 45, 46, 47, 48, 49, 50, 51, 52, 57, 58, 59, 60, 62, 63, 64, 65, 66, 69, 70, 71, 72, 74, 75, 76, 77, 81, 87, 88], "excluded_lines": []}, "": {"executed_lines": [1, 3, 5, 6, 7, 9, 10, 18, 19, 21, 54], "summary": {"covered_lines": 9, "num_statements": 9, "percent_covered": 100.0, "percent_covered_display": "100", "missing_lines": 0, "excluded_lines": 0}, "missing_lines": [], "excluded_lines": []}}}, "custom_components/heating_curve_optimizer/sensor/diagnostics_sensor.py": {"executed_lines": [1, 3, 5, 7, 8, 10, 13, 14, 16, 47, 48, 71, 72, 76, 77], "summary": {"covered_lines": 13, "num_statements": 52, "percent_covered": 25.0, "percent_covered_display": "25", "missing_lines": 39, "excluded_lines": 0}, "missing_lines": [27, 28, 39, 41, 42, 43, 44, 45, 51, 62, 63, 64, 65, 66, 67, 69, 74, 79, 82, 86, 90, 96, 97, 100, 104, 107, 108, 109, 110, 111, 113, 116, 117, 120, 123, 124, 127, 131, 135], "excluded_lines": [], "functions": {"CoordinatorDiagnosticsSensor.__init__": {"executed_lines": [], "summary": {"covered_lines": 0, "num_statements": 8, "percent_covered": 0.0, "percent_covered_display": "0", "missing_lines": 8, "excluded_lines": 0}, "missing_lines": [27, 28, 39, 41, 42, 43, 44, 45], "excluded_lines": []}, "CoordinatorDiagnosticsSensor.native_value": {"executed_lines": [], "summary": {"covered_lines": 0, "num_statements": 8, "percent_covered": 0.0, "percent_covered_display": "0", "missing_lines": 8, "excluded_lines": 0}, "missing_lines": [51, 62, 63, 64, 65, 66, 67, 69], "excluded_lines": []}, "CoordinatorDiagnosticsSensor.available": {"executed_lines": [], "summary": {"covered_lines": 0, "num_statements": 1, "percent_covered": 0.0, "percent_covered_display": "0", "missing_lines": 1, "excluded_lines": 0}, "missing_lines": [74], "excluded_lines": []}, "CoordinatorDiagnosticsSensor.extra_state_attributes": {"executed_lines": [], "summary": {"covered_lines": 0, "num_statements": 22, "percent_covered": 0.0, "percent_covered_display": "0", "missing_lines": 22, "excluded_lines": 0}, "missing_lines": [79, 82, 86, 90, 96, 97, 100, 104, 107, 108, 109, 110, 111, 113, 116, 117, 120, 123, 124, 127, 131, 135], "excluded_lines": []}, "": {"executed_lines": [1, 3, 5, 7, 8, 10, 13, 14, 16, 47, 48, 71, 72, 76, 77], "summary": {"covered_lines": 13, "num_statements": 13, "percent_covered": 100.0, "percent_covered_display": "100", "missing_lines": 0, "excluded_lines": 0}, "missing_lines": [], "excluded_lines": []}}, "classes": {"CoordinatorDiagnosticsSensor": {"executed_lines": [], "summary": {"covered_lines": 0, "num_statements": 39, "percent_covered": 0.0, "percent_covered_display": "0", "missing_lines": 39, "excluded_lines": 0}, "missing_lines": [27, 28, 39, 41, 42, 43, 44, 45, 51, 62, 63, 64, 65, 66, 67, 69, 74, 79, 82, 86, 90, 96, 97, 100, 104, 107, 108, 109, 110, 111, 113, 116, 117, 120, 123, 124, 127, 131, 135], "excluded_lines": []}, "": {"executed_lines": [1, 3, 5, 7, 8, 10, 13, 14, 16, 47, 48, 71, 72, 76, 77], "summary": {"covered_lines": 13, "num_statements": 13, "percent_covered": 100.0, "percent_covered_display": "100", "missing_lines": 0, "excluded_lines": 0}, "missing_lines": [], "excluded_lines": []}}}, "custom_components/heating_curve_optimizer/sensor/event_driven.py": {"executed_lines": [1, 7, 9, 10, 12, 13, 14, 15, 17, 18, 19, 25, 28, 29, 58, 59, 62, 85, 95, 98, 114, 115, 117, 147, 231, 240, 241, 243, 279, 280, 283, 296, 300, 315, 326, 387, 388, 390, 428, 429, 432, 446, 450, 467, 478], "summary": {"covered_lines": 39, "num_statements": 276, "percent_covered": 14.130434782608695, "percent_covered_display": "14", "missing_lines": 237, "excluded_lines": 6}, "missing_lines": [40, 41, 51, 52, 53, 54, 55, 56, 60, 63, 64, 65, 66, 67, 68, 69, 70, 71, 72, 73, 74, 75, 76, 78, 79, 80, 81, 82, 83, 86, 87, 96, 99, 100, 101, 102, 103, 104, 110, 111, 129, 139, 140, 141, 142, 143, 144, 145, 148, 149, 150, 153, 154, 155, 158, 160, 161, 162, 165, 166, 167, 170, 172, 177, 179, 180, 181, 183, 184, 188, 189, 190, 192, 193, 194, 195, 196, 199, 201, 202, 203, 204, 207, 208, 209, 210, 211, 214, 215, 216, 217, 218, 219, 220, 221, 222, 228, 229, 232, 233, 234, 258, 268, 269, 270, 271, 272, 273, 274, 275, 276, 277, 281, 284, 285, 290, 291, 292, 303, 304, 305, 306, 307, 308, 309, 310, 311, 312, 313, 318, 319, 320, 321, 322, 323, 324, 327, 328, 329, 330, 337, 338, 339, 340, 341, 342, 343, 344, 346, 347, 348, 349, 352, 353, 354, 355, 358, 359, 360, 365, 366, 368, 377, 378, 383, 384, 406, 416, 417, 418, 419, 420, 421, 422, 423, 424, 425, 426, 430, 433, 434, 440, 441, 442, 453, 454, 455, 456, 457, 458, 459, 460, 461, 462, 463, 464, 465, 470, 471, 472, 473, 474, 475, 476, 479, 480, 481, 482, 483, 492, 493, 494, 495, 496, 497, 498, 499, 500, 502, 503, 504, 505, 508, 509, 510, 511, 514, 515, 516, 522, 523, 525, 534, 535, 536, 541, 542], "excluded_lines": [296, 297, 298, 446, 447, 448], "functions": {"CurrentElectricityPriceSensor.__init__": {"executed_lines": [], "summary": {"covered_lines": 0, "num_statements": 8, "percent_covered": 0.0, "percent_covered_display": "0", "missing_lines": 8, "excluded_lines": 0}, "missing_lines": [40, 41, 51, 52, 53, 54, 55, 56], "excluded_lines": []}, "CurrentElectricityPriceSensor.extra_state_attributes": {"executed_lines": [], "summary": {"covered_lines": 0, "num_statements": 1, "percent_covered": 0.0, "percent_covered_display": "0", "missing_lines": 1, "excluded_lines": 0}, "missing_lines": [60], "excluded_lines": []}, "CurrentElectricityPriceSensor.async_update": {"executed_lines": [], "summary": {"covered_lines": 0, "num_statements": 20, "percent_covered": 0.0, "percent_covered_display": "0", "missing_lines": 20, "excluded_lines": 0}, "missing_lines": [63, 64, 65, 66, 67, 68, 69, 70, 71, 72, 73, 74, 75, 76, 78, 79, 80, 81, 82, 83], "excluded_lines": []}, "CurrentElectricityPriceSensor.async_added_to_hass": {"executed_lines": [], "summary": {"covered_lines": 0, "num_statements": 2, "percent_covered": 0.0, "percent_covered_display": "0", "missing_lines": 2, "excluded_lines": 0}, "missing_lines": [86, 87], "excluded_lines": []}, "CurrentElectricityPriceSensor.async_will_remove_from_hass": {"executed_lines": [], "summary": {"covered_lines": 0, "num_statements": 1, "percent_covered": 0.0, "percent_covered_display": "0", "missing_lines": 1, "excluded_lines": 0}, "missing_lines": [96], "excluded_lines": []}, "CurrentElectricityPriceSensor._handle_price_change": {"executed_lines": [], "summary": {"covered_lines": 0, "num_statements": 8, "percent_covered": 0.0, "percent_covered_display": "0", "missing_lines": 8, "excluded_lines": 0}, "missing_lines": [99, 100, 101, 102, 103, 104, 110, 111], "excluded_lines": []}, "HeatPumpThermalPowerSensor.__init__": {"executed_lines": [], "summary": {"covered_lines": 0, "num_statements": 8, "percent_covered": 0.0, "percent_covered_display": "0", "missing_lines": 8, "excluded_lines": 0}, "missing_lines": [129, 139, 140, 141, 142, 143, 144, 145], "excluded_lines": []}, "HeatPumpThermalPowerSensor.async_update": {"executed_lines": [], "summary": {"covered_lines": 0, "num_statements": 50, "percent_covered": 0.0, "percent_covered_display": "0", "missing_lines": 50, "excluded_lines": 0}, "missing_lines": [148, 149, 150, 153, 154, 155, 158, 160, 161, 162, 165, 166, 167, 170, 172, 177, 179, 180, 181, 183, 184, 188, 189, 190, 192, 193, 194, 195, 196, 199, 201, 202, 203, 204, 207, 208, 209, 210, 211, 214, 215, 216, 217, 218, 219, 220, 221, 222, 228, 229], "excluded_lines": []}, "HeatPumpThermalPowerSensor.async_added_to_hass": {"executed_lines": [], "summary": {"covered_lines": 0, "num_statements": 3, "percent_covered": 0.0, "percent_covered_display": "0", "missing_lines": 3, "excluded_lines": 0}, "missing_lines": [232, 233, 234], "excluded_lines": []}, "CopEfficiencyDeltaSensor.__init__": {"executed_lines": [], "summary": {"covered_lines": 0, "num_statements": 11, "percent_covered": 0.0, "percent_covered_display": "0", "missing_lines": 11, "excluded_lines": 0}, "missing_lines": [258, 268, 269, 270, 271, 272, 273, 274, 275, 276, 277], "excluded_lines": []}, "CopEfficiencyDeltaSensor.extra_state_attributes": {"executed_lines": [], "summary": {"covered_lines": 0, "num_statements": 1, "percent_covered": 0.0, "percent_covered_display": "0", "missing_lines": 1, "excluded_lines": 0}, "missing_lines": [281], "excluded_lines": []}, "CopEfficiencyDeltaSensor.async_added_to_hass": {"executed_lines": [], "summary": {"covered_lines": 0, "num_statements": 5, "percent_covered": 0.0, "percent_covered_display": "0", "missing_lines": 5, "excluded_lines": 0}, "missing_lines": [284, 285, 290, 291, 292], "excluded_lines": []}, "CopEfficiencyDeltaSensor._handle_change": {"executed_lines": [], "summary": {"covered_lines": 0, "num_statements": 0, "percent_covered": 100.0, "percent_covered_display": "100", "missing_lines": 0, "excluded_lines": 2}, "missing_lines": [], "excluded_lines": [297, 298]}, "CopEfficiencyDeltaSensor._resolve_entity_id": {"executed_lines": [], "summary": {"covered_lines": 0, "num_statements": 11, "percent_covered": 0.0, "percent_covered_display": "0", "missing_lines": 11, "excluded_lines": 0}, "missing_lines": [303, 304, 305, 306, 307, 308, 309, 310, 311, 312, 313], "excluded_lines": []}, "CopEfficiencyDeltaSensor._get_state": {"executed_lines": [], "summary": {"covered_lines": 0, "num_statements": 7, "percent_covered": 0.0, "percent_covered_display": "0", "missing_lines": 7, "excluded_lines": 0}, "missing_lines": [318, 319, 320, 321, 322, 323, 324], "excluded_lines": []}, "CopEfficiencyDeltaSensor.async_update": {"executed_lines": [], "summary": {"covered_lines": 0, "num_statements": 30, "percent_covered": 0.0, "percent_covered_display": "0", "missing_lines": 30, "excluded_lines": 0}, "missing_lines": [327, 328, 329, 330, 337, 338, 339, 340, 341, 342, 343, 344, 346, 347, 348, 349, 352, 353, 354, 355, 358, 359, 360, 365, 366, 368, 377, 378, 383, 384], "excluded_lines": []}, "HeatGenerationDeltaSensor.__init__": {"executed_lines": [], "summary": {"covered_lines": 0, "num_statements": 12, "percent_covered": 0.0, "percent_covered_display": "0", "missing_lines": 12, "excluded_lines": 0}, "missing_lines": [406, 416, 417, 418, 419, 420, 421, 422, 423, 424, 425, 426], "excluded_lines": []}, "HeatGenerationDeltaSensor.extra_state_attributes": {"executed_lines": [], "summary": {"covered_lines": 0, "num_statements": 1, "percent_covered": 0.0, "percent_covered_display": "0", "missing_lines": 1, "excluded_lines": 0}, "missing_lines": [430], "excluded_lines": []}, "HeatGenerationDeltaSensor.async_added_to_hass": {"executed_lines": [], "summary": {"covered_lines": 0, "num_statements": 5, "percent_covered": 0.0, "percent_covered_display": "0", "missing_lines": 5, "excluded_lines": 0}, "missing_lines": [433, 434, 440, 441, 442], "excluded_lines": []}, "HeatGenerationDeltaSensor._handle_change": {"executed_lines": [], "summary": {"covered_lines": 0, "num_statements": 0, "percent_covered": 100.0, "percent_covered_display": "100", "missing_lines": 0, "excluded_lines": 2}, "missing_lines": [], "excluded_lines": [447, 448]}, "HeatGenerationDeltaSensor._resolve_entity_id": {"executed_lines": [], "summary": {"covered_lines": 0, "num_statements": 13, "percent_covered": 0.0, "percent_covered_display": "0", "missing_lines": 13, "excluded_lines": 0}, "missing_lines": [453, 454, 455, 456, 457, 458, 459, 460, 461, 462, 463, 464, 465], "excluded_lines": []}, "HeatGenerationDeltaSensor._get_state": {"executed_lines": [], "summary": {"covered_lines": 0, "num_statements": 7, "percent_covered": 0.0, "percent_covered_display": "0", "missing_lines": 7, "excluded_lines": 0}, "missing_lines": [470, 471, 472, 473, 474, 475, 476], "excluded_lines": []}, "HeatGenerationDeltaSensor.async_update": {"executed_lines": [], "summary": {"covered_lines": 0, "num_statements": 33, "percent_covered": 0.0, "percent_covered_display": "0", "missing_lines": 33, "excluded_lines": 0}, "missing_lines": [479, 480, 481, 482, 483, 492, 493, 494, 49
[...]
d_lines": 0}, "missing_lines": [46], "excluded_lines": []}, "CoordinatorNetHeatLossSensor.extra_state_attributes": {"executed_lines": [], "summary": {"covered_lines": 0, "num_statements": 3, "percent_covered": 0.0, "percent_covered_display": "0", "missing_lines": 3, "excluded_lines": 0}, "missing_lines": [53, 54, 55], "excluded_lines": []}, "": {"executed_lines": [1, 3, 5, 7, 8, 9, 11, 14, 15, 17, 36, 37, 43, 44, 50, 51], "summary": {"covered_lines": 14, "num_statements": 14, "percent_covered": 100.0, "percent_covered_display": "100", "missing_lines": 0, "excluded_lines": 0}, "missing_lines": [], "excluded_lines": []}}, "classes": {"CoordinatorNetHeatLossSensor": {"executed_lines": [], "summary": {"covered_lines": 0, "num_statements": 11, "percent_covered": 0.0, "percent_covered_display": "0", "missing_lines": 11, "excluded_lines": 0}, "missing_lines": [21, 22, 33, 34, 39, 40, 41, 46, 53, 54, 55], "excluded_lines": []}, "": {"executed_lines": [1, 3, 5, 7, 8, 9, 11, 14, 15, 17, 36, 37, 43, 44, 50, 51], "summary": {"covered_lines": 14, "num_statements": 14, "percent_covered": 100.0, "percent_covered_display": "100", "missing_lines": 0, "excluded_lines": 0}, "missing_lines": [], "excluded_lines": []}}}, "custom_components/heating_curve_optimizer/sensor/heat/pv_production.py": {"executed_lines": [1, 3, 5, 7, 8, 9, 11, 14, 15, 17, 36, 37, 44, 45, 51, 52], "summary": {"covered_lines": 14, "num_statements": 26, "percent_covered": 53.84615384615385, "percent_covered_display": "54", "missing_lines": 12, "excluded_lines": 0}, "missing_lines": [21, 22, 33, 34, 39, 40, 41, 42, 47, 54, 55, 56], "excluded_lines": [], "functions": {"CoordinatorPVProductionForecastSensor.__init__": {"executed_lines": [], "summary": {"covered_lines": 0, "num_statements": 4, "percent_covered": 0.0, "percent_covered_display": "0", "missing_lines": 4, "excluded_lines": 0}, "missing_lines": [21, 22, 33, 34], "excluded_lines": []}, "CoordinatorPVProductionForecastSensor.native_value": {"executed_lines": [], "summary": {"covered_lines": 0, "num_statements": 4, "percent_covered": 0.0, "percent_covered_display": "0", "missing_lines": 4, "excluded_lines": 0}, "missing_lines": [39, 40, 41, 42], "excluded_lines": []}, "CoordinatorPVProductionForecastSensor.available": {"executed_lines": [], "summary": {"covered_lines": 0, "num_statements": 1, "percent_covered": 0.0, "percent_covered_display": "0", "missing_lines": 1, "excluded_lines": 0}, "missing_lines": [47], "excluded_lines": []}, "CoordinatorPVProductionForecastSensor.extra_state_attributes": {"executed_lines": [], "summary": {"covered_lines": 0, "num_statements": 3, "percent_covered": 0.0, "percent_covered_display": "0", "missing_lines": 3, "excluded_lines": 0}, "missing_lines": [54, 55, 56], "excluded_lines": []}, "": {"executed_lines": [1, 3, 5, 7, 8, 9, 11, 14, 15, 17, 36, 37, 44, 45, 51, 52], "summary": {"covered_lines": 14, "num_statements": 14, "percent_covered": 100.0, "percent_covered_display": "100", "missing_lines": 0, "excluded_lines": 0}, "missing_lines": [], "excluded_lines": []}}, "classes": {"CoordinatorPVProductionForecastSensor": {"executed_lines": [], "summary": {"covered_lines": 0, "num_statements": 12, "percent_covered": 0.0, "percent_covered_display": "0", "missing_lines": 12, "excluded_lines": 0}, "missing_lines": [21, 22, 33, 34, 39, 40, 41, 42, 47, 54, 55, 56], "excluded_lines": []}, "": {"executed_lines": [1, 3, 5, 7, 8, 9, 11, 14, 15, 17, 36, 37, 44, 45, 51, 52], "summary": {"covered_lines": 14, "num_statements": 14, "percent_covered": 100.0, "percent_covered_display": "100", "missing_lines": 0, "excluded_lines": 0}, "missing_lines": [], "excluded_lines": []}}}, "custom_components/heating_curve_optimizer/sensor/heat/solar_gain.py": {"executed_lines": [1, 3, 5, 7, 8, 9, 11, 14, 15, 17, 36, 37, 43, 44, 50, 51], "summary": {"covered_lines": 14, "num_statements": 25, "percent_covered": 56.0, "percent_covered_display": "56", "missing_lines": 11, "excluded_lines": 0}, "missing_lines": [21, 22, 33, 34, 39, 40, 41, 46, 53, 54, 55], "excluded_lines": [], "functions": {"CoordinatorWindowSolarGainSensor.__init__": {"executed_lines": [], "summary": {"covered_lines": 0, "num_statements": 4, "percent_covered": 0.0, "percent_covered_display": "0", "missing_lines": 4, "excluded_lines": 0}, "missing_lines": [21, 22, 33, 34], "excluded_lines": []}, "CoordinatorWindowSolarGainSensor.native_value": {"executed_lines": [], "summary": {"covered_lines": 0, "num_statements": 3, "percent_covered": 0.0, "percent_covered_display": "0", "missing_lines": 3, "excluded_lines": 0}, "missing_lines": [39, 40, 41], "excluded_lines": []}, "CoordinatorWindowSolarGainSensor.available": {"executed_lines": [], "summary": {"covered_lines": 0, "num_statements": 1, "percent_covered": 0.0, "percent_covered_display": "0", "missing_lines": 1, "excluded_lines": 0}, "missing_lines": [46], "excluded_lines": []}, "CoordinatorWindowSolarGainSensor.extra_state_attributes": {"executed_lines": [], "summary": {"covered_lines": 0, "num_statements": 3, "percent_covered": 0.0, "percent_covered_display": "0", "missing_lines": 3, "excluded_lines": 0}, "missing_lines": [53, 54, 55], "excluded_lines": []}, "": {"executed_lines": [1, 3, 5, 7, 8, 9, 11, 14, 15, 17, 36, 37, 43, 44, 50, 51], "summary": {"covered_lines": 14, "num_statements": 14, "percent_covered": 100.0, "percent_covered_display": "100", "missing_lines": 0, "excluded_lines": 0}, "missing_lines": [], "excluded_lines": []}}, "classes": {"CoordinatorWindowSolarGainSensor": {"executed_lines": [], "summary": {"covered_lines": 0, "num_statements": 11, "percent_covered": 0.0, "percent_covered_display": "0", "missing_lines": 11, "excluded_lines": 0}, "missing_lines": [21, 22, 33, 34, 39, 40, 41, 46, 53, 54, 55], "excluded_lines": []}, "": {"executed_lines": [1, 3, 5, 7, 8, 9, 11, 14, 15, 17, 36, 37, 43, 44, 50, 51], "summary": {"covered_lines": 14, "num_statements": 14, "percent_covered": 100.0, "percent_covered_display": "100", "missing_lines": 0, "excluded_lines": 0}, "missing_lines": [], "excluded_lines": []}}}, "custom_components/heating_curve_optimizer/sensor/optimization/__init__.py": {"executed_lines": [1], "summary": {"covered_lines": 0, "num_statements": 0, "percent_covered": 100.0, "percent_covered_display": "100", "missing_lines": 0, "excluded_lines": 0}, "missing_lines": [], "excluded_lines": [], "functions": {"": {"executed_lines": [1], "summary": {"covered_lines": 0, "num_statements": 0, "percent_covered": 100.0, "percent_covered_display": "100", "missing_lines": 0, "excluded_lines": 0}, "missing_lines": [], "excluded_lines": []}}, "classes": {"": {"executed_lines": [1], "summary": {"covered_lines": 0, "num_statements": 0, "percent_covered": 100.0, "percent_covered_display": "100", "missing_lines": 0, "excluded_lines": 0}, "missing_lines": [], "excluded_lines": []}}}, "custom_components/heating_curve_optimizer/sensor/optimization/cost_savings.py": {"executed_lines": [1, 3, 5, 7, 8, 9, 11, 14, 15, 17, 36, 37, 43, 44, 50, 51], "summary": {"covered_lines": 14, "num_statements": 26, "percent_covered": 53.84615384615385, "percent_covered_display": "54", "missing_lines": 12, "excluded_lines": 0}, "missing_lines": [21, 22, 33, 34, 39, 40, 41, 46, 53, 54, 56, 57], "excluded_lines": [], "functions": {"CoordinatorCostSavingsSensor.__init__": {"executed_lines": [], "summary": {"covered_lines": 0, "num_statements": 4, "percent_covered": 0.0, "percent_covered_display": "0", "missing_lines": 4, "excluded_lines": 0}, "missing_lines": [21, 22, 33, 34], "excluded_lines": []}, "CoordinatorCostSavingsSensor.native_value": {"executed_lines": [], "summary": {"covered_lines": 0, "num_statements": 3, "percent_covered": 0.0, "percent_covered_display": "0", "missing_lines": 3, "excluded_lines": 0}, "missing_lines": [39, 40, 41], "excluded_lines": []}, "CoordinatorCostSavingsSensor.available": {"executed_lines": [], "summary": {"covered_lines": 0, "num_statements": 1, "percent_covered": 0.0, "percent_covered_display": "0", "missing_lines": 1, "excluded_lines": 0}, "missing_lines": [46], "excluded_lines": []}, "CoordinatorCostSavingsSensor.extra_state_attributes": {"executed_lines": [], "summary": {"covered_lines": 0, "num_statements": 4, "percent_covered": 0.0, "percent_covered_display": "0", "missing_lines": 4, "excluded_lines": 0}, "missing_lines": [53, 54, 56, 57], "excluded_lines": []}, "": {"executed_lines": [1, 3, 5, 7, 8, 9, 11, 14, 15, 17, 36, 37, 43, 44, 50, 51], "summary": {"covered_lines": 14, "num_statements": 14, "percent_covered": 100.0, "percent_covered_display": "100", "missing_lines": 0, "excluded_lines": 0}, "missing_lines": [], "excluded_lines": []}}, "classes": {"CoordinatorCostSavingsSensor": {"executed_lines": [], "summary": {"covered_lines": 0, "num_statements": 12, "percent_covered": 0.0, "percent_covered_display": "0", "missing_lines": 12, "excluded_lines": 0}, "missing_lines": [21, 22, 33, 34, 39, 40, 41, 46, 53, 54, 56, 57], "excluded_lines": []}, "": {"executed_lines": [1, 3, 5, 7, 8, 9, 11, 14, 15, 17, 36, 37, 43, 44, 50, 51], "summary": {"covered_lines": 14, "num_statements": 14, "percent_covered": 100.0, "percent_covered_display": "100", "missing_lines": 0, "excluded_lines": 0}, "missing_lines": [], "excluded_lines": []}}}, "custom_components/heating_curve_optimizer/sensor/optimization/heat_buffer.py": {"executed_lines": [1, 3, 5, 7, 8, 9, 11, 14, 15, 17, 37, 38, 45, 46, 52, 53], "summary": {"covered_lines": 14, "num_statements": 26, "percent_covered": 53.84615384615385, "percent_covered_display": "54", "missing_lines": 12, "excluded_lines": 0}, "missing_lines": [21, 22, 34, 35, 40, 41, 42, 43, 48, 55, 56, 57], "excluded_lines": [], "functions": {"CoordinatorHeatBufferSensor.__init__": {"executed_lines": [], "summary": {"covered_lines": 0, "num_statements": 4, "percent_covered": 0.0, "percent_covered_display": "0", "missing_lines": 4, "excluded_lines": 0}, "missing_lines": [21, 22, 34, 35], "excluded_lines": []}, "CoordinatorHeatBufferSensor.native_value": {"executed_lines": [], "summary": {"covered_lines": 0, "num_statements": 4, "percent_covered": 0.0, "percent_covered_display": "0", "missing_lines": 4, "excluded_lines": 0}, "missing_lines": [40, 41, 42, 43], "excluded_lines": []}, "CoordinatorHeatBufferSensor.available": {"executed_lines": [], "summary": {"covered_lines": 0, "num_statements": 1, "percent_covered": 0.0, "percent_covered_display": "0", "missing_lines": 1, "excluded_lines": 0}, "missing_lines": [48], "excluded_lines": []}, "CoordinatorHeatBufferSensor.extra_state_attributes": {"executed_lines": [], "summary": {"covered_lines": 0, "num_statements": 3, "percent_covered": 0.0, "percent_covered_display": "0", "missing_lines": 3, "excluded_lines": 0}, "missing_lines": [55, 56, 57], "excluded_lines": []}, "": {"executed_lines": [1, 3, 5, 7, 8, 9, 11, 14, 15, 17, 37, 38, 45, 46, 52, 53], "summary": {"covered_lines": 14, "num_statements": 14, "percent_covered": 100.0, "percent_covered_display": "100", "missing_lines": 0, "excluded_lines": 0}, "missing_lines": [], "excluded_lines": []}}, "classes": {"CoordinatorHeatBufferSensor": {"executed_lines": [], "summary": {"covered_lines": 0, "num_statements": 12, "percent_covered": 0.0, "percent_covered_display": "0", "missing_lines": 12, "excluded_lines": 0}, "missing_lines": [21, 22, 34, 35, 40, 41, 42, 43, 48, 55, 56, 57], "excluded_lines": []}, "": {"executed_lines": [1, 3, 5, 7, 8, 9, 11, 14, 15, 17, 37, 38, 45, 46, 52, 53], "summary": {"covered_lines": 14, "num_statements": 14, "percent_covered": 100.0, "percent_covered_display": "100", "missing_lines": 0, "excluded_lines": 0}, "missing_lines": [], "excluded_lines": []}}}, "custom_components/heating_curve_optimizer/sensor/optimization/heating_curve_offset.py": {"executed_lines": [1, 3, 5, 7, 8, 9, 11, 14, 15, 17, 36, 37, 43, 44, 50, 51], "summary": {"covered_lines": 14, "num_statements": 26, "percent_covered": 53.84615384615385, "percent_covered_display": "54", "missing_lines": 12, "excluded_lines": 0}, "missing_lines": [21, 22, 33, 34, 39, 40, 41, 46, 53, 54, 56, 57], "excluded_lines": [], "functions": {"CoordinatorHeatingCurveOffsetSensor.__init__": {"executed_lines": [], "summary": {"covered_lines": 0, "num_statements": 4, "percent_covered": 0.0, "percent_covered_display": "0", "missing_lines": 4, "excluded_lines": 0}, "missing_lines": [21, 22, 33, 34], "excluded_lines": []}, "CoordinatorHeatingCurveOffsetSensor.native_value": {"executed_lines": [], "summary": {"covered_lines": 0, "num_statements": 3, "percent_covered": 0.0, "percent_covered_display": "0", "missing_lines": 3, "excluded_lines": 0}, "missing_lines": [39, 40, 41], "excluded_lines": []}, "CoordinatorHeatingCurveOffsetSensor.available": {"executed_lines": [], "summary": {"covered_lines": 0, "num_statements": 1, "percent_covered": 0.0, "percent_covered_display": "0", "missing_lines": 1, "excluded_lines": 0}, "missing_lines": [46], "excluded_lines": []}, "CoordinatorHeatingCurveOffsetSensor.extra_state_attributes": {"executed_lines": [], "summary": {"covered_lines": 0, "num_statements": 4, "percent_covered": 0.0, "percent_covered_display": "0", "missing_lines": 4, "excluded_lines": 0}, "missing_lines": [53, 54, 56, 57], "excluded_lines": []}, "": {"executed_lines": [1, 3, 5, 7, 8, 9, 11, 14, 15, 17, 36, 37, 43, 44, 50, 51], "summary": {"covered_lines": 14, "num_statements": 14, "percent_covered": 100.0, "percent_covered_display": "100", "missing_lines": 0, "excluded_lines": 0}, "missing_lines": [], "excluded_lines": []}}, "classes": {"CoordinatorHeatingCurveOffsetSensor": {"executed_lines": [], "summary": {"covered_lines": 0, "num_statements": 12, "percent_covered": 0.0, "percent_covered_display": "0", "missing_lines": 12, "excluded_lines": 0}, "missing_lines": [21, 22, 33, 34, 39, 40, 41, 46, 53, 54, 56, 57], "excluded_lines": []}, "": {"executed_lines": [1, 3, 5, 7, 8, 9, 11, 14, 15, 17, 36, 37, 43, 44, 50, 51], "summary": {"covered_lines": 14, "num_statements": 14, "percent_covered": 100.0, "percent_covered_display": "100", "missing_lines": 0, "excluded_lines": 0}, "missing_lines": [], "excluded_lines": []}}}, "custom_components/heating_curve_optimizer/sensor/optimization/optimized_supply_temperature.py": {"executed_lines": [1, 3, 5, 7, 8, 9, 11, 14, 15, 17, 36, 37, 50, 51, 57, 58], "summary": {"covered_lines": 14, "num_statements": 28, "percent_covered": 50.0, "percent_covered_display": "50", "missing_lines": 14, "excluded_lines": 0}, "missing_lines": [21, 22, 33, 34, 39, 40, 43, 44, 45, 48, 53, 60, 61, 62], "excluded_lines": [], "functions": {"CoordinatorOptimizedSupplyTemperatureSensor.__init__": {"executed_lines": [], "summary": {"covered_lines": 0, "num_statements": 4, "percent_covered": 0.0, "percent_covered_display": "0", "missing_lines": 4, "excluded_lines": 0}, "missing_lines": [21, 22, 33, 34], "excluded_lines": []}, "CoordinatorOptimizedSupplyTemperatureSensor.native_value": {"executed_lines": [], "summary": {"covered_lines": 0, "num_statements": 6, "percent_covered": 0.0, "percent_covered_display": "0", "missing_lines": 6, "excluded_lines": 0}, "missing_lines": [39, 40, 43, 44, 45, 48], "excluded_lines": []}, "CoordinatorOptimizedSupplyTemperatureSensor.available": {"executed_lines": [], "summary": {"covered_lines": 0, "num_statements": 1, "percent_covered": 0.0, "percent_covered_display": "0", "missing_lines": 1, "excluded_lines": 0}, "missing_lines": [53], "excluded_lines": []}, "CoordinatorOptimizedSupplyTemperatureSensor.extra_state_attributes": {"executed_lines": [], "summary": {"covered_lines": 0, "num_statements": 3, "percent_covered": 0.0, "percent_covered_display": "0", "missing_lines": 3, "excluded_lines": 0}, "missing_lines": [60, 61, 62], "excluded_lines": []}, "": {"executed_lines": [1, 3, 5, 7, 8, 9, 11, 14, 15, 17, 36, 37, 50, 51, 57, 58], "summary": {"covered_lines": 14, "num_statements": 14, "percent_covered": 100.0, "percent_covered_display": "100", "missing_lines": 0, "excluded_lines": 0}, "missing_lines": [], "excluded_lines": []}}, "classes": {"CoordinatorOptimizedSupplyTemperatureSensor": {"executed_lines": [], "summary": {"covered_lines": 0, "num_statements": 14, "percent_covered": 0.0, "percent_covered_display": "0", "missing_lines": 14, "excluded_lines": 0}, "missing_lines": [21, 22, 33, 34, 39, 40, 43, 44, 45, 48, 53, 60, 61, 62], "excluded_lines": []}, "": {"executed_lines": [1, 3, 5, 7, 8, 9, 11, 14, 15, 17, 36, 37, 50, 51, 57, 58], "summary": {"covered_lines": 14, "num_statements": 14, "percent_covered": 100.0, "percent_covered_display": "100", "missing_lines": 0, "excluded_lines": 0}, "missing_lines": [], "excluded_lines": []}}}, "custom_components/heating_curve_optimizer/sensor/weather/__init__.py": {"executed_lines": [1], "summary": {"covered_lines": 0, "num_statements": 0, "percent_covered": 100.0, "percent_covered_display": "100", "missing_lines": 0, "excluded_lines": 0}, "missing_lines": [], "excluded_lines": [], "functions": {"": {"executed_lines": [1], "summary": {"covered_lines": 0, "num_statements": 0, "percent_covered": 100.0, "percent_covered_display": "100", "missing_lines": 0, "excluded_lines": 0}, "missing_lines": [], "excluded_lines": []}}, "classes": {"": {"executed_lines": [1], "summary": {"covered_lines": 0, "num_statements": 0, "percent_covered": 100.0, "percent_covered_display": "100", "missing_lines": 0, "excluded_lines": 0}, "missing_lines": [], "excluded_lines": []}}}, "custom_components/heating_curve_optimizer/sensor/weather/outdoor_temperature.py": {"executed_lines": [1, 3, 5, 7, 8, 9, 11, 14, 15, 17, 19, 20, 31, 32, 34, 35, 41, 42, 48, 49], "summary": {"covered_lines": 18, "num_statements": 25, "percent_covered": 72.0, "percent_covered_display": "72", "missing_lines": 7, "excluded_lines": 0}, "missing_lines": [37, 38, 39, 44, 51, 52, 53], "excluded_lines": [], "functions": {"CoordinatorOutdoorTemperatureSensor.__init__": {"executed_lines": [19, 20, 31, 32], "summary": {"covered_lines": 4, "num_statements": 4, "percent_covered": 100.0, "percent_covered_display": "100", "missing_lines": 0, "excluded_lines": 0}, "missing_lines": [], "excluded_lines": []}, "CoordinatorOutdoorTemperatureSensor.native_value": {"executed_lines": [], "summary": {"covered_lines": 0, "num_statements": 3, "percent_covered": 0.0, "percent_covered_display": "0", "missing_lines": 3, "excluded_lines": 0}, "missing_lines": [37, 38, 39], "excluded_lines": []}, "CoordinatorOutdoorTemperatureSensor.available": {"executed_lines": [], "summary": {"covered_lines": 0, "num_statements": 1, "percent_covered": 0.0, "percent_covered_display": "0", "missing_lines": 1, "excluded_lines": 0}, "missing_lines": [44], "excluded_lines": []}, "CoordinatorOutdoorTemperatureSensor.extra_state_attributes": {"executed_lines": [], "summary": {"covered_lines": 0, "num_statements": 3, "percent_covered": 0.0, "percent_covered_display": "0", "missing_lines": 3, "excluded_lines": 0}, "missing_lines": [51, 52, 53], "excluded_lines": []}, "": {"executed_lines": [1, 3, 5, 7, 8, 9, 11, 14, 15, 17, 34, 35, 41, 42, 48, 49], "summary": {"covered_lines": 14, "num_statements": 14, "percent_covered": 100.0, "percent_covered_display": "100", "missing_lines": 0, "excluded_lines": 0}, "missing_lines": [], "excluded_lines": []}}, "classes": {"CoordinatorOutdoorTemperatureSensor": {"executed_lines": [19, 20, 31, 32], "summary": {"covered_lines": 4, "num_statements": 11, "percent_covered": 36.36363636363637, "percent_covered_display": "36", "missing_lines": 7, "excluded_lines": 0}, "missing_lines": [37, 38, 39, 44, 51, 52, 53], "excluded_lines": []}, "": {"executed_lines": [1, 3, 5, 7, 8, 9, 11, 14, 15, 17, 34, 35, 41, 42, 48, 49], "summary": {"covered_lines": 14, "num_statements": 14, "percent_covered": 100.0, "percent_covered_display": "100", "missing_lines": 0, "excluded_lines": 0}, "missing_lines": [], "excluded_lines": []}}}}, "totals": {"covered_lines": 629, "num_statements": 2014, "percent_covered": 31.231380337636544, "percent_covered_display": "31", "missing_lines": 1385, "excluded_lines": 575}}